#
# A fatal error has been detected by the Java Runtime Environment:
#
#  SIGSEGV (0xb) at pc=0x0000003782a07fc3, pid=7060, tid=140355167299712
#
# JRE version: Java(TM) SE Runtime Environment (7.0_45-b18) (build 1.7.0_45-b18)
# Java VM: Java HotSpot(TM) 64-Bit Server VM (24.45-b08 mixed mode linux-amd64 compressed oops)
# Problematic frame:
# C  [libpthread.so.0+0x7fc3]  pthread_join+0x23
#
# Failed to write core dump. Core dumps have been disabled. To enable core dumping, try "ulimit -c unlimited" before starting Java again
#
# If you would like to submit a bug report, please visit:
#   http://bugreport.sun.com/bugreport/crash.jsp
# The crash happened outside the Java Virtual Machine in native code.
# See problematic frame for where to report the bug.
#

---------------  T H R E A D  ---------------

Current thread (0x0000000021c91000):  JavaThread "main" [_thread_in_native, id=7060, stack(0x00007fff916a1000,0x00007fff917a1000)]

siginfo:si_signo=SIGSEGV: si_errno=0, si_code=1 (SEGV_MAPERR), si_addr=0x00007fa6fb4379d0

Registers:
RAX=0x0000000000000010, RBX=0x00007fa6fb437700, RCX=0x00000037826e4c97, RDX=0x000000000000000f
RSP=0x00007fff91795f70, RBP=0x0000000000000000, RSI=0x0000000000000000, RDI=0x00007fa6fb437700
R8 =0x0000000000000000, R9 =0x0000000004000001, R10=0x00007fff91795cb0, R11=0x0000000000000202
R12=0x00007fa6fd8b5500, R13=0x00007fa6fd8b3da4, R14=0x0000000000000700, R15=0x00007fa6fd8b5c00
RIP=0x0000003782a07fc3, EFLAGS=0x0000000000010202, CSGSFS=0x0000000000000033, ERR=0x0000000000000004
  TRAPNO=0x000000000000000e

Top of Stack: (sp=0x00007fff91795f70)
0x00007fff91795f70:   00007fa6fd8b3da4 0000003781e14695
0x00007fff91795f80:   0000003782a07f80 00007fa6fbe38d28
0x00007fff91795f90:   000000000000000f 0000000000000000
0x00007fff91795fa0:   0000000000000001 00007fa6fd8b6508
0x00007fff91795fb0:   00007fa6fd8b5500 00007fa6fd8b3da4
0x00007fff91795fc0:   0000000000000700 00007fa6fcdbf663
0x00007fff91795fd0:   0000000000000000 00007fa6fd8b5c18
0x00007fff91795fe0:   00007fff91795fa0 0000000000000001
0x00007fff91795ff0:   00007fff91796050 00007fa6fd8a4018
0x00007fff91796000:   0000003782020008 00007fa6fd9c69f0
0x00007fff91796010:   000000000000004b 00007fa6fcdbe669
0x00007fff91796020:   0000000000000001 00007fff91796050
0x00007fff91796030:   00007fa6fd8a4018 00007fa6fcab3eef
0x00007fff91796040:   0000000000000064 0000000000000000
0x00007fff91796050:   00007fff91796410 00007fa6fd6079c1
0x00007fff91796060:   00007fff91796410 0000003781e0eb8c
0x00007fff91796070:   0000003782021188 0000003782021718
0x00007fff91796080:   00007fa6fe48a508 00007fa6fe48a9e0
0x00007fff91796090:   00007fa6fdee5000 00007fa6fdee5998
0x00007fff917960a0:   00007fa6fdee4000 00007fa6fdee4990
0x00007fff917960b0:   00007fa6fd9c64d0 00000000038252f0
0x00007fff917960c0:   00000000038257a0 0000000003825c50
0x00007fff917960d0:   00000000038265a0 0000000003826100
0x00007fff917960e0:   0000000003b132e0 0000000003a0b930
0x00007fff917960f0:   0000000004072b90 00000000040de230
0x00007fff91796100:   0000000004bed0e0 00000000048c5050
0x00007fff91796110:   00000000042d1960 00000000046ca690
0x00007fff91796120:   0000000004ed9be0 0000000004ecba50
0x00007fff91796130:   000000000539bec0 00000000033bc870
0x00007fff91796140:   000000000507b910 0000000004d29280
0x00007fff91796150:   000000001d85a540 0000000023256480
0x00007fff91796160:   0000000023fa0bd0 00000000229d6310 

Instructions: (pc=0x0000003782a07fc3)
0x0000003782a07fa3:   24 d8 48 89 6c 24 e0 48 89 fb 4c 89 64 24 e8 4c
0x0000003782a07fb3:   89 6c 24 f0 48 89 f5 4c 89 74 24 f8 48 83 ec 58
0x0000003782a07fc3:   8b 87 d0 02 00 00 85 c0 0f 88 2b 01 00 00 48 39
0x0000003782a07fd3:   bf 28 06 00 00 b8 16 00 00 00 0f 84 93 00 00 00 

Register to memory mapping:

RAX=0x0000000000000010 is an unknown value
RBX=0x00007fa6fb437700 is an unknown value
RCX=0x00000037826e4c97: munmap+0x7 in /lib64/libc.so.6 at 0x0000003782600000
RDX=0x000000000000000f is an unknown value
RSP=0x00007fff91795f70 is pointing into the stack for thread: 0x0000000021c91000
RBP=0x0000000000000000 is an unknown value
RSI=0x0000000000000000 is an unknown value
RDI=0x00007fa6fb437700 is an unknown value
R8 =0x0000000000000000 is an unknown value
R9 =0x0000000004000001 is an unknown value
R10=0x00007fff91795cb0 is pointing into the stack for thread: 0x0000000021c91000
R11=0x0000000000000202 is an unknown value
R12=0x00007fa6fd8b5500: <offset 0xe88500> in /gpfs01/sw/eb20131209/software/OpenBLAS/0.2.6-gompi-1.4.12-no-OFED-LAPACK-3.4.2/lib/libopenblas.so.0 at 0x00007fa6fca2d000
R13=0x00007fa6fd8b3da4: blas_num_threads+0 in /gpfs01/sw/eb20131209/software/OpenBLAS/0.2.6-gompi-1.4.12-no-OFED-LAPACK-3.4.2/lib/libopenblas.so.0 at 0x00007fa6fca2d000
R14=0x0000000000000700 is an unknown value
R15=0x00007fa6fd8b5c00: <offset 0xe88c00> in /gpfs01/sw/eb20131209/software/OpenBLAS/0.2.6-gompi-1.4.12-no-OFED-LAPACK-3.4.2/lib/libopenblas.so.0 at 0x00007fa6fca2d000


Stack: [0x00007fff916a1000,0x00007fff917a1000],  sp=0x00007fff91795f70,  free space=979k
Native frames: (J=compiled Java code, j=interpreted, Vv=VM code, C=native code)
C  [libpthread.so.0+0x7fc3]  pthread_join+0x23

[error occurred during error reporting (printing native stack), id 0xb]


---------------  P R O C E S S  ---------------

Java Threads: ( => current thread )
  0x0000000025284000 JavaThread "Service Thread" daemon [_thread_blocked, id=8506, stack(0x00007fa6d0be1000,0x00007fa6d0ce2000)]
  0x0000000025042800 JavaThread "C2 CompilerThread1" daemon [_thread_blocked, id=8505, stack(0x00007fa6d0ce2000,0x00007fa6d0de3000)]
  0x0000000024d7d000 JavaThread "C2 CompilerThread0" daemon [_thread_blocked, id=8504, stack(0x00007fa6d0de3000,0x00007fa6d0ee4000)]
  0x0000000024aff800 JavaThread "Attach Listener" daemon [_thread_blocked, id=8503, stack(0x00007fa6d0ee4000,0x00007fa6d0fe5000)]
  0x00000000268ea800 JavaThread "Finalizer" daemon [_thread_blocked, id=8502, stack(0x00007fa6d0fe5000,0x00007fa6d10e6000)]
  0x00000000237e9000 JavaThread "Reference Handler" daemon [_thread_blocked, id=8501, stack(0x00007fa6d10e6000,0x00007fa6d11e7000)]
=>0x0000000021c91000 JavaThread "main" [_thread_in_native, id=7060, stack(0x00007fff916a1000,0x00007fff917a1000)]

Other Threads:
  0x0000000025d94800 VMThread [stack: 0x00007fa6d11e7000,0x00007fa6d12e8000] [id=8500]
  0x0000000022f43800 WatcherThread [stack: 0x00007fa6d0ae0000,0x00007fa6d0be1000] [id=8507]

VM state:not at safepoint (normal execution)

VM Mutex/Monitor currently owned by a thread: None

Heap
 PSYoungGen      total 153600K, used 21147K [0x00000000f5500000, 0x0000000100000000, 0x0000000100000000)
  eden space 132096K, 16% used [0x00000000f5500000,0x00000000f69a6d38,0x00000000fd600000)
  from space 21504K, 0% used [0x00000000feb00000,0x00000000feb00000,0x0000000100000000)
  to   space 21504K, 0% used [0x00000000fd600000,0x00000000fd600000,0x00000000feb00000)
 ParOldGen       total 349184K, used 0K [0x00000000e0000000, 0x00000000f5500000, 0x00000000f5500000)
  object space 349184K, 0% used [0x00000000e0000000,0x00000000e0000000,0x00000000f5500000)
 PSPermGen       total 21504K, used 7102K [0x00000000dae00000, 0x00000000dc300000, 0x00000000e0000000)
  object space 21504K, 33% used [0x00000000dae00000,0x00000000db4efa10,0x00000000dc300000)

Card table byte_map: [0x00007fa6d4d8e000,0x00007fa6d4eb8000] byte_map_base: 0x00007fa6d46b7000

Polling page: 0x00007fa6fdeed000

Code Cache  [0x00007fa67aa9c000, 0x00007fa67ad0c000, 0x00007fa67da9c000)
 total_blobs=277 nmethods=58 adapters=172 free_code_cache=48632Kb largest_free_block=49766400

Compilation events (10 events):
Event: 0.681 Thread 0x0000000024d7d000   54             java.util.ArrayList::ensureExplicitCapacity (26 bytes)
Event: 0.683 Thread 0x0000000024d7d000 nmethod 54 0x00007fa67ab1a290 code [0x00007fa67ab1a3e0, 0x00007fa67ab1a648]
Event: 0.683 Thread 0x0000000024d7d000   55             java.util.ArrayList::add (29 bytes)
Event: 0.685 Thread 0x0000000024d7d000 nmethod 55 0x00007fa67ab19b50 code [0x00007fa67ab19cc0, 0x00007fa67ab19fe8]
Event: 0.707 Thread 0x0000000024d7d000   56             sun.misc.MetaIndex::mayContain (51 bytes)
Event: 0.711 Thread 0x0000000024d7d000 nmethod 56 0x00007fa67ab19450 code [0x00007fa67ab195a0, 0x00007fa67ab19878]
Event: 0.722 Thread 0x0000000024d7d000   57             java.lang.StringBuilder::append (8 bytes)
Event: 0.725 Thread 0x0000000024d7d000 nmethod 57 0x00007fa67ab1d4d0 code [0x00007fa67ab1d640, 0x00007fa67ab1d9f8]
Event: 0.736 Thread 0x0000000024d7d000   58   !         java.net.URL::<init> (543 bytes)
Event: 0.778 Thread 0x0000000024d7d000 nmethod 58 0x00007fa67ab22890 code [0x00007fa67ab22c00, 0x00007fa67ab24498]

GC Heap History (0 events):
No events

Deoptimization events (1 events):
Event: 0.542 Thread 0x0000000021c91000 Uncommon trap: reason=unreached action=reinterpret pc=0x00007fa67ab0f0a0 method=java.util.HashMap.put(Ljava/lang/Object;Ljava/lang/Object;)Ljava/lang/Object; @ 7

Internal exceptions (10 events):
Event: 0.760 Thread 0x0000000021c91000 Threw 0x00000000f67b9b40 at /HUDSON/workspace/7u-2-build-linux-amd64/jdk7u45/229/hotspot/src/share/vm/prims/jvm.cpp:1244
Event: 0.760 Thread 0x0000000021c91000 Threw 0x00000000f67baf58 at /HUDSON/workspace/7u-2-build-linux-amd64/jdk7u45/229/hotspot/src/share/vm/prims/jvm.cpp:1244
Event: 0.761 Thread 0x0000000021c91000 Threw 0x00000000f67c55e0 at /HUDSON/workspace/7u-2-build-linux-amd64/jdk7u45/229/hotspot/src/share/vm/prims/jvm.cpp:1244
Event: 0.761 Thread 0x0000000021c91000 Threw 0x00000000f67c6908 at /HUDSON/workspace/7u-2-build-linux-amd64/jdk7u45/229/hotspot/src/share/vm/prims/jvm.cpp:1244
Event: 0.761 Thread 0x0000000021c91000 Threw 0x00000000f67ca680 at /HUDSON/workspace/7u-2-build-linux-amd64/jdk7u45/229/hotspot/src/share/vm/prims/jvm.cpp:1244
Event: 0.761 Thread 0x0000000021c91000 Threw 0x00000000f67cbaa8 at /HUDSON/workspace/7u-2-build-linux-amd64/jdk7u45/229/hotspot/src/share/vm/prims/jvm.cpp:1244
Event: 0.762 Thread 0x0000000021c91000 Threw 0x00000000f67d6ea0 at /HUDSON/workspace/7u-2-build-linux-amd64/jdk7u45/229/hotspot/src/share/vm/prims/jvm.cpp:1244
Event: 0.762 Thread 0x0000000021c91000 Threw 0x00000000f67d8230 at /HUDSON/workspace/7u-2-build-linux-amd64/jdk7u45/229/hotspot/src/share/vm/prims/jvm.cpp:1244
Event: 0.763 Thread 0x0000000021c91000 Threw 0x00000000f67dc160 at /HUDSON/workspace/7u-2-build-linux-amd64/jdk7u45/229/hotspot/src/share/vm/prims/jvm.cpp:1244
Event: 0.763 Thread 0x0000000021c91000 Threw 0x00000000f67dd630 at /HUDSON/workspace/7u-2-build-linux-amd64/jdk7u45/229/hotspot/src/share/vm/prims/jvm.cpp:1244

Events (10 events):
Event: 0.761 loading class 0x00000000236833a0
Event: 0.761 loading class 0x00000000236833a0 done
Event: 0.761 loading class 0x0000000023683a90
Event: 0.761 loading class 0x0000000023683a90 done
Event: 0.762 loading class 0x0000000023b05850
Event: 0.762 loading class 0x0000000023b05850 done
Event: 0.763 loading class 0x0000000023683af0
Event: 0.763 loading class 0x0000000023683af0 done
Event: 4.127 Executing VM operation: EnableBiasedLocking
Event: 4.127 Executing VM operation: EnableBiasedLocking done


Dynamic libraries:
00400000-00fb8000 r-xp 00000000 fd:00 166455                             /usr/lib/rstudio-server/bin/rsession
011b7000-011cf000 r--p 00bb7000 fd:00 166455                             /usr/lib/rstudio-server/bin/rsession
011cf000-011d5000 rw-p 00bcf000 fd:00 166455                             /usr/lib/rstudio-server/bin/rsession
011d5000-011d9000 rw-p 00000000 00:00 0 
013d4000-01567000 rw-p 00bd4000 fd:00 166455                             /usr/lib/rstudio-server/bin/rsession
0334d000-da89e000 rw-p 00000000 00:00 0                                  [heap]
dae00000-dc300000 rw-p 00000000 00:00 0 
dc300000-e0000000 rw-p 00000000 00:00 0 
e0000000-100000000 rw-p 00000000 00:00 0 
307aa00000-307ab38000 r-xp 00000000 fd:00 7149                           /usr/lib64/libcrypto.so.0.9.8e
307ab38000-307ad37000 ---p 00138000 fd:00 7149                           /usr/lib64/libcrypto.so.0.9.8e
307ad37000-307ad58000 rw-p 00137000 fd:00 7149                           /usr/lib64/libcrypto.so.0.9.8e
307ad58000-307ad5c000 rw-p 00000000 00:00 0 
307ae00000-307ae49000 r-xp 00000000 fd:00 10987                          /usr/lib64/libssl.so.0.9.8e
307ae49000-307b048000 ---p 00049000 fd:00 10987                          /usr/lib64/libssl.so.0.9.8e
307b048000-307b04e000 rw-p 00048000 fd:00 10987                          /usr/lib64/libssl.so.0.9.8e
307b600000-307b65d000 r-xp 00000000 fd:00 30686                          /lib64/libfreebl3.so
307b65d000-307b85c000 ---p 0005d000 fd:00 30686                          /lib64/libfreebl3.so
307b85c000-307b85d000 r--p 0005c000 fd:00 30686                          /lib64/libfreebl3.so
307b85d000-307b85e000 rw-p 0005d000 fd:00 30686                          /lib64/libfreebl3.so
307b85e000-307b862000 rw-p 00000000 00:00 0 
307ba00000-307ba07000 r-xp 00000000 fd:00 36387                          /lib64/libcrypt-2.12.so
307ba07000-307bc07000 ---p 00007000 fd:00 36387                          /lib64/libcrypt-2.12.so
307bc07000-307bc08000 r--p 00007000 fd:00 36387                          /lib64/libcrypt-2.12.so
307bc08000-307bc09000 rw-p 00008000 fd:00 36387                          /lib64/libcrypt-2.12.so
307bc09000-307bc37000 rw-p 00000000 00:00 0 
307d200000-307d22b000 r-xp 00000000 fd:00 31339                          /usr/lib64/R/lib/libRblas.so
307d22b000-307d42a000 ---p 0002b000 fd:00 31339                          /usr/lib64/R/lib/libRblas.so
307d42a000-307d42b000 rw-p 0002a000 fd:00 31339                          /usr/lib64/R/lib/libRblas.so
307da00000-307dbb4000 r-xp 00000000 fd:00 17021                          /usr/lib64/R/lib/libRlapack.so
307dbb4000-307ddb3000 ---p 001b4000 fd:00 17021                          /usr/lib64/R/lib/libRlapack.so
307ddb3000-307ddb5000 rw-p 001b3000 fd:00 17021                          /usr/lib64/R/lib/libRlapack.so
307de00000-307decc000 r-xp 00000000 fd:00 7994                           /usr/lib64/libgfortran.so.1.0.0
307decc000-307e0cb000 ---p 000cc000 fd:00 7994                           /usr/lib64/libgfortran.so.1.0.0
307e0cb000-307e0cd000 rw-p 000cb000 fd:00 7994                           /usr/lib64/libgfortran.so.1.0.0
3276c00000-3276c19000 r-xp 00000000 fd:00 6614                           /usr/lib64/libsasl2.so.2.0.23
3276c19000-3276e18000 ---p 00019000 fd:00 6614                           /usr/lib64/libsasl2.so.2.0.23
3276e18000-3276e19000 r--p 00018000 fd:00 6614                           /usr/lib64/libsasl2.so.2.0.23
3276e19000-3276e1a000 rw-p 00019000 fd:00 6614                           /usr/lib64/libsasl2.so.2.0.23
3277000000-3277049000 r-xp 00000000 fd:00 36478                          /lib64/libldap-2.4.so.2.5.6
3277049000-3277248000 ---p 00049000 fd:00 36478                          /lib64/libldap-2.4.so.2.5.6
3277248000-3277249000 r--p 00048000 fd:00 36478                          /lib64/libldap-2.4.so.2.5.6
3277249000-327724b000 rw-p 00049000 fd:00 36478                          /lib64/libldap-2.4.so.2.5.6
3277400000-3277451000 r-xp 00000000 fd:00 36479                          /usr/lib64/libcurl.so.4.1.1
3277451000-3277650000 ---p 00051000 fd:00 36479                          /usr/lib64/libcurl.so.4.1.1
3277650000-3277653000 rw-p 00050000 fd:00 36479                          /usr/lib64/libcurl.so.4.1.1
33f1400000-33f1403000 r-xp 00000000 fd:00 26837                          /lib64/libcom_err.so.2.1
33f1403000-33f1602000 ---p 00003000 fd:00 26837                          /lib64/libcom_err.so.2.1
33f1602000-33f1603000 r--p 00002000 fd:00 26837                          /lib64/libcom_err.so.2.1
33f1603000-33f1604000 rw-p 00003000 fd:00 26837                          /lib64/libcom_err.so.2.1
33f1800000-33f182a000 r-xp 00000000 fd:00 26654                          /lib64/libk5crypto.so.3.1
33f182a000-33f1a29000 ---p 0002a000 fd:00 26654                          /lib64/libk5crypto.so.3.1
33f1a29000-33f1a2b000 r--p 00029000 fd:00 26654                          /lib64/libk5crypto.so.3.1
33f1a2b000-33f1a2c000 rw-p 0002b000 fd:00 26654                          /lib64/libk5crypto.so.3.1
33f1c00000-33f1cd4000 r-xp 00000000 fd:00 31399                          /lib64/libkrb5.so.3.3
33f1cd4000-33f1ed4000 ---p 000d4000 fd:00 31399                          /lib64/libkrb5.so.3.3
33f1ed4000-33f1edd000 r--p 000d4000 fd:00 31399                          /lib64/libkrb5.so.3.3
33f1edd000-33f1edf000 rw-p 000dd000 fd:00 31399                          /lib64/libkrb5.so.3.3
33f2400000-33f243f000 r-xp 00000000 fd:00 31649                          /lib64/libgssapi_krb5.so.2.2
33f243f000-33f263f000 ---p 0003f000 fd:00 31649                          /lib64/libgssapi_krb5.so.2.2
33f263f000-33f2640000 r--p 0003f000 fd:00 31649                          /lib64/libgssapi_krb5.so.2.2
33f2640000-33f2642000 rw-p 00040000 fd:00 31649                          /lib64/libgssapi_krb5.so.2.2
33f3400000-33f3453000 r-xp 00000000 fd:00 31651                          /usr/lib64/libssl.so.1.0.0
33f3453000-33f3653000 ---p 00053000 fd:00 31651                          /usr/lib64/libssl.so.1.0.0
33f3653000-33f3656000 r--p 00053000 fd:00 31651                          /usr/lib64/libssl.so.1.0.0
33f3656000-33f365b000 rw-p 00056000 fd:00 31651                          /usr/lib64/libssl.so.1.0.0
3781e00000-3781e20000 r-xp 00000000 fd:00 3667                           /lib64/ld-2.12.so
378201f000-3782020000 r--p 0001f000 fd:00 3667                           /lib64/ld-2.12.so
3782020000-3782021000 rw-p 00020000 fd:00 3667                           /lib64/ld-2.12.so
3782021000-3782022000 rw-p 00000000 00:00 0 
3782200000-3782202000 r-xp 00000000 fd:00 4537                           /lib64/libdl-2.12.so
3782202000-3782402000 ---p 00002000 fd:00 4537                           /lib64/libdl-2.12.so
3782402000-3782403000 r--p 00002000 fd:00 4537                           /lib64/libdl-2.12.so
3782403000-3782404000 rw-p 00003000 fd:00 4537                           /lib64/libdl-2.12.so
3782600000-3782789000 r-xp 00000000 fd:00 3671                           /lib64/libc-2.12.so
3782789000-3782989000 ---p 00189000 fd:00 3671                           /lib64/libc-2.12.so
3782989000-378298d000 r--p 00189000 fd:00 3671                           /lib64/libc-2.12.so
378298d000-378298e000 rw-p 0018d000 fd:00 3671                           /lib64/libc-2.12.so
378298e000-3782993000 rw-p 00000000 00:00 0 
3782a00000-3782a17000 r-xp 00000000 fd:00 4219                           /lib64/libpthread-2.12.so
3782a17000-3782c17000 ---p 00017000 fd:00 4219                           /lib64/libpthread-2.12.so
3782c17000-3782c18000 r--p 00017000 fd:00 4219                           /lib64/libpthread-2.12.so
3782c18000-3782c19000 rw-p 00018000 fd:00 4219                           /lib64/libpthread-2.12.so
3782c19000-3782c1d000 rw-p 00000000 00:00 0 
3782e00000-3782e83000 r-xp 00000000 fd:00 3673                           /lib64/libm-2.12.so
3782e83000-3783082000 ---p 00083000 fd:00 3673                           /lib64/libm-2.12.so
3783082000-3783083000 r--p 00082000 fd:00 3673                           /lib64/libm-2.12.so
3783083000-3783084000 rw-p 00083000 fd:00 3673                           /lib64/libm-2.12.so
3783200000-3783207000 r-xp 00000000 fd:00 7621                           /lib64/librt-2.12.so
3783207000-3783406000 ---p 00007000 fd:00 7621                           /lib64/librt-2.12.so
3783406000-3783407000 r--p 00006000 fd:00 7621                           /lib64/librt-2.12.so
3783407000-3783408000 rw-p 00007000 fd:00 7621                           /lib64/librt-2.12.so
3783600000-3783615000 r-xp 00000000 fd:00 3687                           /lib64/libz.so.1.2.3
3783615000-3783814000 ---p 00015000 fd:00 3687                           /lib64/libz.so.1.2.3
3783814000-3783815000 r--p 00014000 fd:00 3687                           /lib64/libz.so.1.2.3
3783815000-3783816000 rw-p 00015000 fd:00 3687                           /lib64/libz.so.1.2.3
3783e00000-3783e1d000 r-xp 00000000 fd:00 7857                           /lib64/libselinux.so.1
3783e1d000-378401c000 ---p 0001d000 fd:00 7857                           /lib64/libselinux.so.1
378401c000-378401d000 r--p 0001c000 fd:00 7857                           /lib64/libselinux.so.1
378401d000-378401e000 rw-p 0001d000 fd:00 7857                           /lib64/libselinux.so.1
378401e000-378401f000 rw-p 00000000 00:00 0 
3784a00000-3784a16000 r-xp 00000000 fd:00 8038                           /lib64/libresolv-2.12.so
3784a16000-3784c16000 ---p 00016000 fd:00 8038                           /lib64/libresolv-2.12.so
3784c16000-3784c17000 r--p 00016000 fd:00 8038                           /lib64/libresolv-2.12.so
3784c17000-3784c18000 rw-p 00017000 fd:00 8038                           /lib64/libresolv-2.12.so
3784c18000-3784c1a000 rw-p 00000000 00:00 0 
3785200000-3785204000 r-xp 00000000 fd:00 7145                           /lib64/libuuid.so.1.3.0
3785204000-3785403000 ---p 00004000 fd:00 7145                           /lib64/libuuid.so.1.3.0
3785403000-3785404000 rw-p 00003000 fd:00 7145                           /lib64/libuuid.so.1.3.0
3785600000-3785611000 r-xp 00000000 fd:00 6340                           /usr/lib64/libXext.so.6.4.0
3785611000-3785811000 ---p 00011000 fd:00 6340                           /usr/lib64/libXext.so.6.4.0
3785811000-3785812000 rw-p 00011000 fd:00 6340                           /usr/lib64/libXext.so.6.4.0
3786600000-378661b000 r-xp 00000000 fd:00 5441                           /usr/lib64/libxcb.so.1.1.0
378661b000-378681a000 ---p 0001b000 fd:00 5441                           /usr/lib64/libxcb.so.1.1.0
378681a000-378681b000 rw-p 0001a000 fd:00 5441                           /usr/lib64/libxcb.so.1.1.0
3786a00000-3786b39000 r-xp 00000000 fd:00 6336                           /usr/lib64/libX11.so.6.3.0
3786b39000-3786d39000 ---p 00139000 fd:00 6336                           /usr/lib64/libX11.so.6.3.0
3786d39000-3786d3f000 rw-p 00139000 fd:00 6336                           /usr/lib64/libX11.so.6.3.0
3786e00000-3786e02000 r-xp 00000000 fd:00 4614                           /usr/lib64/libXau.so.6.0.0
3786e02000-3787002000 ---p 00002000 fd:00 4614                           /usr/lib64/libXau.so.6.0.0
3787002000-3787003000 rw-p 00002000 fd:00 4614                           /usr/lib64/libXau.so.6.0.0
3787600000-3787698000 r-xp 00000000 fd:00 3691                           /usr/lib64/libfreetype.so.6.3.22
3787698000-3787897000 ---p 00098000 fd:00 3691                           /usr/lib64/libfreetype.so.6.3.22
3787897000-378789d000 rw-p 00097000 fd:00 3691                           /usr/lib64/libfreetype.so.6.3.22
3787a00000-3787a32000 r-xp 00000000 fd:00 11533                          /lib64/libidn.so.11.6.1
3787a32000-3787c31000 ---p 00032000 fd:00 11533                          /lib64/libidn.so.11.6.1
3787c31000-3787c32000 rw-p 00031000 fd:00 11533                          /lib64/libidn.so.11.6.1
3787e00000-3787e02000 r-xp 00000000 fd:00 25375                          /lib64/libkeyutils.so.1.3
3787e02000-3788001000 ---p 00002000 fd:00 25375                          /lib64/libkeyutils.so.1.3
3788001000-3788002000 r--p 00001000 fd:00 25375                          /lib64/libkeyutils.so.1.3
3788002000-3788003000 rw-p 00002000 fd:00 25375                          /lib64/libkeyutils.so.1.3
3788e00000-3788e0a000 r-xp 00000000 fd:00 25376                          /lib64/libkrb5support.so.0.1
3788e0a000-3789009000 ---p 0000a000 fd:00 25376                          /lib64/libkrb5support.so.0.1
3789009000-378900a000 r--p 00009000 fd:00 25376                          /lib64/libkrb5support.so.0.1
378900a000-378900b000 rw-p 0000a000 fd:00 25376                          /lib64/libkrb5support.so.0.1
3789600000-3789748000 r-xp 00000000 fd:00 8068                           /usr/lib64/libxml2.so.2.7.6
3789748000-3789947000 ---p 00148000 fd:00 8068                           /usr/lib64/libxml2.so.2.7.6
3789947000-3789951000 rw-p 00147000 fd:00 8068                           /usr/lib64/libxml2.so.2.7.6
3789951000-3789952000 rw-p 00000000 00:00 0 
3789a00000-3789b74000 r-xp 00000000 fd:00 25381                          /usr/lib64/libcrypto.so.1.0.0
3789b74000-3789d73000 ---p 00174000 fd:00 25381                          /usr/lib64/libcrypto.so.1.0.0
3789d73000-3789d8c000 r--p 00173000 fd:00 25381                          /usr/lib64/libcrypto.so.1.0.0
3789d8c000-3789d96000 rw-p 0018c000 fd:00 25381                          /usr/lib64/libcrypto.so.1.0.0
3789d96000-3789d9a000 rw-p 00000000 00:00 0 
378aa00000-378aa09000 r-xp 00000000 fd:00 6346                           /usr/lib64/libXrender.so.1.3.0
378aa09000-378ac09000 ---p 00009000 fd:00 6346                           /usr/lib64/libXrender.so.1.3.0
378ac09000-378ac0a000 rw-p 00009000 fd:00 6346                           /usr/lib64/libXrender.so.1.3.0
397b000000-397b003000 r-xp 00000000 fd:00 31319                          /lib64/libplds4.so
397b003000-397b202000 ---p 00003000 fd:00 31319                          /lib64/libplds4.so
397b202000-397b203000 r--p 00002000 fd:00 31319                          /lib64/libplds4.so
397b203000-397b204000 rw-p 00003000 fd:00 31319                          /lib64/libplds4.so
397b400000-397b40e000 r-xp 00000000 fd:00 31329                          /lib64/liblber-2.4.so.2.5.6
397b40e000-397b60d000 ---p 0000e000 fd:00 31329                          /lib64/liblber-2.4.so.2.5.6
397b60d000-397b60e000 r--p 0000d000 fd:00 31329                          /lib64/liblber-2.4.so.2.5.6
397b60e000-397b60f000 rw-p 0000e000 fd:00 31329                          /lib64/liblber-2.4.so.2.5.6
397bc00000-397bc02000 r-xp 00000000 fd:00 27134                          /lib64/libutil-2.12.so
397bc02000-397be01000 ---p 00002000 fd:00 27134                          /lib64/libutil-2.12.so
397be01000-397be02000 r--p 00001000 fd:00 27134                          /lib64/libutil-2.12.so
397be02000-397be03000 rw-p 00002000 fd:00 27134                          /lib64/libutil-2.12.so
397c000000-397c039000 r-xp 00000000 fd:00 30447                          /lib64/libnspr4.so
397c039000-397c238000 ---p 00039000 fd:00 30447                          /lib64/libnspr4.so
397c238000-397c239000 r--p 00038000 fd:00 30447                          /lib64/libnspr4.so
397c239000-397c23b000 rw-p 00039000 fd:00 30447                          /lib64/libnspr4.so
397c23b000-397c23d000 rw-p 00000000 00:00 0 
397c400000-397c533000 r-xp 00000000 fd:00 31326                          /usr/lib64/libnss3.so
397c533000-397c733000 ---p 00133000 fd:00 31326                          /usr/lib64/libnss3.so
397c733000-397c738000 r--p 00133000 fd:00 31326                          /usr/lib64/libnss3.so
397c738000-397c73a000 rw-p 00138000 fd:00 31326                          /usr/lib64/libnss3.so
397c73a000-397c73c000 rw-p 00000000 00:00 0 
397c800000-397c820000 r-xp 00000000 fd:00 30738                          /usr/lib64/libnssutil3.so
397c820000-397ca1f000 ---p 00020000 fd:00 30738                          /usr/lib64/libnssutil3.so
397ca1f000-397ca25000 r--p 0001f000 fd:00 30738                          /usr/lib64/libnssutil3.so
397ca25000-397ca26000 rw-p 00025000 fd:00 30738                          /usr/lib64/libnssutil3.so
397cc00000-397cc28000 r-xp 00000000 fd:00 31328                          /usr/lib64/libsmime3.so
397cc28000-397ce28000 ---p 00028000 fd:00 31328                          /usr/lib64/libsmime3.so
397ce28000-397ce2b000 r--p 00028000 fd:00 31328                          /usr/lib64/libsmime3.so
397ce2b000-397ce2c000 rw-p 0002b000 fd:00 31328                          /usr/lib64/libsmime3.so
397d000000-397d038000 r-xp 00000000 fd:00 31327                          /usr/lib64/libssl3.so
397d038000-397d238000 ---p 00038000 fd:00 31327                          /usr/lib64/libssl3.so
397d238000-397d23a000 r--p 00038000 fd:00 31327                          /usr/lib64/libssl3.so
397d23a000-397d23b000 rw-p 0003a000 fd:00 31327                          /usr/lib64/libssl3.so
397d23b000-397d23c000 rw-p 00000000 00:00 0 
397d800000-397d810000 r-xp 00000000 fd:00 18858                          /lib64/libbz2.so.1.0.4
397d810000-397da0f000 ---p 00010000 fd:00 18858                          /lib64/libbz2.so.1.0.4
397da0f000-397da11000 rw-p 0000f000 fd:00 18858                          /lib64/libbz2.so.1.0.4
3d98600000-3d98626000 r-xp 00000000 fd:00 7116                           /usr/lib64/libssh2.so.1.0.1
3d98626000-3d98826000 ---p 00026000 fd:00 7116                           /usr/lib64/libssh2.so.1.0.1
3d98826000-3d98827000 rw-p 00026000 fd:00 7116                           /usr/lib64/libssh2.so.1.0.1
7fa58b2ac000-7fa592f3e000 rw-p 00000000 00:00 0 
7fa5960d1000-7fa59ab8f000 rw-p 00000000 00:00 0 
7fa59c3f7000-7fa5a279f000 rw-p 00000000 00:00 0 
7fa5a4048000-7fa5a721c000 rw-p 00000000 00:00 0 
7fa5a8049000-7fa5b2eaf000 rw-p 00000000 00:00 0 
7fa5b4758000-7fa5b9216000 rw-p 00000000 00:00 0 
7fa5baabf000-7fa5c43aa000 rw-p 00000000 00:00 0 
7fa5c7cad000-7fa5c7cb4000 r-xp 00000000 00:16 12864556                   /gpfs01/sw/eb20131209/software/R/3.0.2-goolf-1.4.12-no-OFED-bare/lib64/R/library/grDevices/libs/cairo.so
7fa5c7cb4000-7fa5c7eb4000 ---p 00007000 00:16 12864556                   /gpfs01/sw/eb20131209/software/R/3.0.2-goolf-1.4.12-no-OFED-bare/lib64/R/library/grDevices/libs/cairo.so
7fa5c7eb4000-7fa5c7eb5000 rw-p 00007000 00:16 12864556                   /gpfs01/sw/eb20131209/software/R/3.0.2-goolf-1.4.12-no-OFED-bare/lib64/R/library/grDevices/libs/cairo.so
7fa5c7eb5000-7fa5c979f000 rw-p 00000000 00:00 0 
7fa5cb007000-7fa5d2c99000 rw-p 00000000 00:00 0 
7fa5d4542000-7fa5da8ea000 rw-p 00000000 00:00 0 
7fa5dc193000-7fa5df367000 rw-p 00000000 00:00 0 
7fa5e0194000-7fa5e1a7e000 rw-p 00000000 00:00 0 
7fa5e3327000-7fa5e64fb000 rw-p 00000000 00:00 0 
7fa5e7da4000-7fa5fc000000 rw-p 00000000 00:00 0 
7fa5fc000000-7fa5fc021000 rw-p 00000000 00:00 0 
7fa5fc021000-7fa600000000 ---p 00000000 00:00 0 
7fa600000000-7fa600021000 rw-p 00000000 00:00 0 
7fa600021000-7fa604000000 ---p 00000000 00:00 0 
7fa604000000-7fa60445f000 rw-p 00000000 00:00 0 
7fa60445f000-7fa608000000 ---p 00000000 00:00 0 
7fa608000000-7fa608133000 rw-p 00000000 00:00 0 
7fa608133000-7fa60c000000 ---p 00000000 00:00 0 
7fa60c000000-7fa60c021000 rw-p 00000000 00:00 0 
7fa60c021000-7fa610000000 ---p 00000000 00:00 0 
7fa610000000-7fa610021000 rw-p 00000000 00:00 0 
7fa610021000-7fa614000000 ---p 00000000 00:00 0 
7fa614000000-7fa614021000 rw-p 00000000 00:00 0 
7fa614021000-7fa618000000 ---p 00000000 00:00 0 
7fa618000000-7fa618021000 rw-p 00000000 00:00 0 
7fa618021000-7fa61c000000 ---p 00000000 00:00 0 
7fa61c000000-7fa61c021000 rw-p 00000000 00:00 0 
7fa61c021000-7fa620000000 ---p 00000000 00:00 0 
7fa620000000-7fa620021000 rw-p 00000000 00:00 0 
7fa620021000-7fa624000000 ---p 00000000 00:00 0 
7fa624000000-7fa624021000 rw-p 00000000 00:00 0 
7fa624021000-7fa628000000 ---p 00000000 00:00 0 
7fa628000000-7fa628021000 rw-p 00000000 00:00 0 
7fa628021000-7fa62c000000 ---p 00000000 00:00 0 
7fa62c000000-7fa62c021000 rw-p 00000000 00:00 0 
7fa62c021000-7fa630000000 ---p 00000000 00:00 0 
7fa630000000-7fa630021000 rw-p 00000000 00:00 0 
7fa630021000-7fa634000000 ---p 00000000 00:00 0 
7fa634000000-7fa634021000 rw-p 00000000 00:00 0 
7fa634021000-7fa638000000 ---p 00000000 00:00 0 
7fa638000000-7fa638021000 rw-p 00000000 00:00 0 
7fa638021000-7fa63c000000 ---p 00000000 00:00 0 
7fa63c000000-7fa63c021000 rw-p 00000000 00:00 0 
7fa63c021000-7fa640000000 ---p 00000000 00:00 0 
7fa640000000-7fa640021000 rw-p 00000000 00:00 0 
7fa640021000-7fa644000000 ---p 00000000 00:00 0 
7fa644000000-7fa644021000 rw-p 00000000 00:00 0 
7fa644021000-7fa648000000 ---p 00000000 00:00 0 
7fa648000000-7fa648021000 rw-p 00000000 00:00 0 
7fa648021000-7fa64c000000 ---p 00000000 00:00 0 
7fa64c000000-7fa64c021000 rw-p 00000000 00:00 0 
7fa64c021000-7fa650000000 ---p 00000000 00:00 0 
7fa650000000-7fa650021000 rw-p 00000000 00:00 0 
7fa650021000-7fa654000000 ---p 00000000 00:00 0 
7fa654000000-7fa654021000 rw-p 00000000 00:00 0 
7fa654021000-7fa658000000 ---p 00000000 00:00 0 
7fa658000000-7fa658021000 rw-p 00000000 00:00 0 
7fa658021000-7fa65c000000 ---p 00000000 00:00 0 
7fa65c000000-7fa65c021000 rw-p 00000000 00:00 0 
7fa65c021000-7fa660000000 ---p 00000000 00:00 0 
7fa660000000-7fa660021000 rw-p 00000000 00:00 0 
7fa660021000-7fa664000000 ---p 00000000 00:00 0 
7fa664000000-7fa664021000 rw-p 00000000 00:00 0 
7fa664021000-7fa668000000 ---p 00000000 00:00 0 
7fa668000000-7fa668021000 rw-p 00000000 00:00 0 
7fa668021000-7fa66c000000 ---p 00000000 00:00 0 
7fa66c000000-7fa66c021000 rw-p 00000000 00:00 0 
7fa66c021000-7fa670000000 ---p 00000000 00:00 0 
7fa670000000-7fa670021000 rw-p 00000000 00:00 0 
7fa670021000-7fa674000000 ---p 00000000 00:00 0 
7fa674000000-7fa674021000 rw-p 00000000 00:00 0 
7fa674021000-7fa678000000 ---p 00000000 00:00 0 
7fa6791b2000-7fa67aa9c000 rw-p 00000000 00:00 0 
7fa67aa9c000-7fa67ad0c000 rwxp 00000000 00:00 0 
7fa67ad0c000-7fa67da9c000 rw-p 00000000 00:00 0 
7fa67da9c000-7fa688821000 rw-p 00000000 00:00 0 
7fa689199000-7fa68f541000 rw-p 00000000 00:00 0 
7fa69036e000-7fa698000000 rw-p 00000000 00:00 0 
7fa698000000-7fa698047000 rw-p 00000000 00:00 0 
7fa698047000-7fa69c000000 ---p 00000000 00:00 0 
7fa69ce2c000-7fa6a0000000 rw-p 00000000 00:00 0 
7fa6a0000000-7fa6a0021000 rw-p 00000000 00:00 0 
7fa6a0021000-7fa6a4000000 ---p 00000000 00:00 0 
7fa6a4000000-7fa6a4091000 rw-p 00000000 00:00 0 
7fa6a4091000-7fa6a8000000 ---p 00000000 00:00 0 
7fa6a8000000-7fa6a8021000 rw-p 00000000 00:00 0 
7fa6a8021000-7fa6ac000000 ---p 00000000 00:00 0 
7fa6ad617000-7fa6aef01000 rw-p 00000000 00:00 0 
7fa6aef01000-7fa6b4d92000 r--p 00000000 fd:00 23263                      /usr/lib/locale/locale-archive
7fa6b4d92000-7fa6b6d92000 rw-p 00000000 00:00 0 
7fa6b7684000-7fa6b8f6e000 rw-p 00000000 00:00 0 
7fa6b8f6e000-7fa6baf6e000 rw-p 00000000 00:00 0 
7fa6bb970000-7fa6bd25a000 rw-p 00000000 00:00 0 
7fa6bd25a000-7fa6bf25a000 rw-p 00000000 00:00 0 
7fa6bfe95000-7fa6c177f000 rw-p 00000000 00:00 0 
7fa6c177f000-7fa6c377f000 rw-p 00000000 00:00 0 
7fa6c4ced000-7fa6c65d7000 rw-p 00000000 00:00 0 
7fa6c65d7000-7fa6c85d7000 rw-p 00000000 00:00 0 
7fa6c8d07000-7fa6ca5f1000 rw-p 00000000 00:00 0 
7fa6ca5f1000-7fa6cc5f1000 rw-p 00000000 00:00 0 
7fa6cd362000-7fa6ce5f2000 rw-p 00000000 00:00 0 
7fa6ce5f2000-7fa6d05f2000 rw-p 00000000 00:00 0 
7fa6d0ae0000-7fa6d0ae1000 ---p 00000000 00:00 0 
7fa6d0ae1000-7fa6d0be1000 rwxp 00000000 00:00 0 
7fa6d0be1000-7fa6d0be4000 ---p 00000000 00:00 0 
7fa6d0be4000-7fa6d0ce2000 rwxp 00000000 00:00 0 
7fa6d0ce2000-7fa6d0ce5000 ---p 00000000 00:00 0 
7fa6d0ce5000-7fa6d0de3000 rwxp 00000000 00:00 0 
7fa6d0de3000-7fa6d0de6000 ---p 00000000 00:00 0 
7fa6d0de6000-7fa6d0ee4000 rwxp 00000000 00:00 0 
7fa6d0ee4000-7fa6d0ee7000 ---p 00000000 00:00 0 
7fa6d0ee7000-7fa6d0fe5000 rwxp 00000000 00:00 0 
7fa6d0fe5000-7fa6d0fe8000 ---p 00000000 00:00 0 
7fa6d0fe8000-7fa6d10e6000 rwxp 00000000 00:00 0 
7fa6d10e6000-7fa6d10e9000 ---p 00000000 00:00 0 
7fa6d10e9000-7fa6d11e7000 rwxp 00000000 00:00 0 
7fa6d11e7000-7fa6d11e8000 ---p 00000000 00:00 0 
7fa6d11e8000-7fa6d12e8000 rwxp 00000000 00:00 0 
7fa6d12e8000-7fa6d14a4000 r--s 039b2000 00:16 13815481                   /gpfs01/sw/eb20131209/software/Java/1.7.0_45/jre/lib/rt.jar
7fa6d14a4000-7fa6d15cd000 rw-p 00000000 00:00 0 
7fa6d15cd000-7fa6d15ce000 ---p 00000000 00:00 0 
7fa6d15ce000-7fa6d16ce000 rwxp 00000000 00:00 0 
7fa6d16ce000-7fa6d16cf000 ---p 00000000 00:00 0 
7fa6d16cf000-7fa6d17cf000 rwxp 00000000 00:00 0 
7fa6d17cf000-7fa6d17d0000 ---p 00000000 00:00 0 
7fa6d17d0000-7fa6d18d0000 rwxp 00000000 00:00 0 
7fa6d18d0000-7fa6d18d1000 ---p 00000000 00:00 0 
7fa6d18d1000-7fa6d19d1000 rwxp 00000000 00:00 0 
7fa6d19d1000-7fa6d19d2000 ---p 00000000 00:00 0 
7fa6d19d2000-7fa6d1ad2000 rwxp 00000000 00:00 0 
7fa6d1ad2000-7fa6d1ad3000 ---p 00000000 00:00 0 
7fa6d1ad3000-7fa6d1bd3000 rwxp 00000000 00:00 0 
7fa6d1bd3000-7fa6d1bd4000 ---p 00000000 00:00 0 
7fa6d1bd4000-7fa6d1cd4000 rwxp 00000000 00:00 0 
7fa6d1cd4000-7fa6d1cd5000 ---p 00000000 00:00 0 
7fa6d1cd5000-7fa6d1dd5000 rwxp 00000000 00:00 0 
7fa6d1dd5000-7fa6d1dd6000 ---p 00000000 00:00 0 
7fa6d1dd6000-7fa6d1ed6000 rwxp 00000000 00:00 0 
7fa6d1ed6000-7fa6d1ed7000 ---p 00000000 00:00 0 
7fa6d1ed7000-7fa6d1fd7000 rwxp 00000000 00:00 0 
7fa6d1fd7000-7fa6d1fd8000 ---p 00000000 00:00 0 
7fa6d1fd8000-7fa6d20d8000 rwxp 00000000 00:00 0 
7fa6d25dd000-7fa6d45dd000 rw-p 00000000 00:00 0 
7fa6d4d8e000-7fa6d4d99000 rw-p 00000000 00:00 0 
7fa6d4d99000-7fa6d4db7000 rw-p 00000000 00:00 0 
7fa6d4db7000-7fa6d4eb8000 rw-p 00000000 00:00 0 
7fa6d4eb8000-7fa6d4ed2000 r-xp 00000000 00:16 13815542                   /gpfs01/sw/eb20131209/software/Java/1.7.0_45/jre/lib/amd64/libzip.so
7fa6d4ed2000-7fa6d50d2000 ---p 0001a000 00:16 13815542                   /gpfs01/sw/eb20131209/software/Java/1.7.0_45/jre/lib/amd64/libzip.so
7fa6d50d2000-7fa6d50d3000 rw-p 0001a000 00:16 13815542                   /gpfs01/sw/eb20131209/software/Java/1.7.0_45/jre/lib/amd64/libzip.so
7fa6d50d3000-7fa6d50fc000 r-xp 00000000 00:16 13815512                   /gpfs01/sw/eb20131209/software/Java/1.7.0_45/jre/lib/amd64/libjava.so
7fa6d50fc000-7fa6d52fc000 ---p 00029000 00:16 13815512                   /gpfs01/sw/eb20131209/software/Java/1.7.0_45/jre/lib/amd64/libjava.so
7fa6d52fc000-7fa6d52fe000 rw-p 00029000 00:16 13815512                   /gpfs01/sw/eb20131209/software/Java/1.7.0_45/jre/lib/amd64/libjava.so
7fa6d52fe000-7fa6d530b000 r-xp 00000000 00:16 13815541                   /gpfs01/sw/eb20131209/software/Java/1.7.0_45/jre/lib/amd64/libverify.so
7fa6d530b000-7fa6d550a000 ---p 0000d000 00:16 13815541                   /gpfs01/sw/eb20131209/software/Java/1.7.0_45/jre/lib/amd64/libverify.so
7fa6d550a000-7fa6d550c000 rw-p 0000c000 00:16 13815541                   /gpfs01/sw/eb20131209/software/Java/1.7.0_45/jre/lib/amd64/libverify.so
7fa6d550c000-7fa6d606e000 r-xp 00000000 00:16 13815547                   /gpfs01/sw/eb20131209/software/Java/1.7.0_45/jre/lib/amd64/server/libjvm.so
7fa6d606e000-7fa6d626e000 ---p 00b62000 00:16 13815547                   /gpfs01/sw/eb20131209/software/Java/1.7.0_45/jre/lib/amd64/server/libjvm.so
7fa6d626e000-7fa6d6331000 rw-p 00b62000 00:16 13815547                   /gpfs01/sw/eb20131209/software/Java/1.7.0_45/jre/lib/amd64/server/libjvm.so
7fa6d6331000-7fa6d6372000 rw-p 00000000 00:00 0 
7fa6d6372000-7fa6d8372000 rw-p 00000000 00:00 0 
7fa6d845a000-7fa6d8469000 r-xp 00000000 00:16 23238660                   /gpfs01/home/gebkh/RLibrary/rJava/libs/rJava.so
7fa6d8469000-7fa6d8668000 ---p 0000f000 00:16 23238660                   /gpfs01/home/gebkh/RLibrary/rJava/libs/rJava.so
7fa6d8668000-7fa6d8669000 rw-p 0000e000 00:16 23238660                   /gpfs01/home/gebkh/RLibrary/rJava/libs/rJava.so
7fa6d8d80000-7fa6da66a000 rw-p 00000000 00:00 0 
7fa6da66a000-7fa6dc66a000 rw-p 00000000 00:00 0 
7fa6dc713000-7fa6dc717000 r-xp 00000000 00:16 12865198                   /gpfs01/sw/eb20131209/software/R/3.0.2-goolf-1.4.12-no-OFED-bare/lib64/R/library/parallel/libs/parallel.so
7fa6dc717000-7fa6dc916000 ---p 00004000 00:16 12865198                   /gpfs01/sw/eb20131209/software/R/3.0.2-goolf-1.4.12-no-OFED-bare/lib64/R/library/parallel/libs/parallel.so
7fa6dc916000-7fa6dc917000 rw-p 00003000 00:16 12865198                   /gpfs01/sw/eb20131209/software/R/3.0.2-goolf-1.4.12-no-OFED-bare/lib64/R/library/parallel/libs/parallel.so
7fa6dc917000-7fa6dc918000 r-xp 00000000 00:16 24684970                   /gpfs01/home/gebkh/RLibrary/lars/libs/lars.so
7fa6dc918000-7fa6dcb17000 ---p 00001000 00:16 24684970                   /gpfs01/home/gebkh/RLibrary/lars/libs/lars.so
7fa6dcb17000-7fa6dcb18000 rw-p 00000000 00:16 24684970                   /gpfs01/home/gebkh/RLibrary/lars/libs/lars.so
7fa6dcb18000-7fa6dcbad000 r-xp 00000000 00:16 7521471                    /gpfs01/home/gebkh/RLibrary/CORElearn/libs/CORElearn.so
7fa6dcbad000-7fa6dcdac000 ---p 00095000 00:16 7521471                    /gpfs01/home/gebkh/RLibrary/CORElearn/libs/CORElearn.so
7fa6dcdac000-7fa6dcdae000 rw-p 00094000 00:16 7521471                    /gpfs01/home/gebkh/RLibrary/CORElearn/libs/CORElearn.so
7fa6dcdae000-7fa6de678000 rw-p 00000000 00:00 0 
7fa6de678000-7fa6e0678000 rw-p 00000000 00:00 0 
7fa6e0698000-7fa6e0730000 r--s 00420000 00:16 23238841                   /gpfs01/home/gebkh/RLibrary/xlsxjars/java/poi-ooxml-schemas-3.10-FINAL-20140208.jar
7fa6e0730000-7fa6e073e000 r-xp 00000000 00:16 12863954                   /gpfs01/sw/eb20131209/software/R/3.0.2-goolf-1.4.12-no-OFED-bare/lib64/R/library/cluster/libs/cluster.so
7fa6e073e000-7fa6e093d000 ---p 0000e000 00:16 12863954                   /gpfs01/sw/eb20131209/software/R/3.0.2-goolf-1.4.12-no-OFED-bare/lib64/R/library/cluster/libs/cluster.so
7fa6e093d000-7fa6e093e000 rw-p 0000d000 00:16 12863954                   /gpfs01/sw/eb20131209/software/R/3.0.2-goolf-1.4.12-no-OFED-bare/lib64/R/library/cluster/libs/cluster.so
7fa6e093e000-7fa6e094a000 r-xp 00000000 00:16 7521310                    /gpfs01/home/gebkh/RLibrary/rpart/libs/rpart.so
7fa6e094a000-7fa6e0b4a000 ---p 0000c000 00:16 7521310                    /gpfs01/home/gebkh/RLibrary/rpart/libs/rpart.so
7fa6e0b4a000-7fa6e0b4b000 rw-p 0000c000 00:16 7521310                    /gpfs01/home/gebkh/RLibrary/rpart/libs/rpart.so
7fa6e0b4b000-7fa6e0b69000 r-xp 00000000 00:16 13940710                   /gpfs01/sw/eb20131209/software/R/3.0.2-goolf-1.4.12-no-OFED-bare/lib64/R/library/XML/libs/XML.so
7fa6e0b69000-7fa6e0d68000 ---p 0001e000 00:16 13940710                   /gpfs01/sw/eb20131209/software/R/3.0.2-goolf-1.4.12-no-OFED-bare/lib64/R/library/XML/libs/XML.so
7fa6e0d68000-7fa6e0d6a000 rw-p 0001d000 00:16 13940710                   /gpfs01/sw/eb20131209/software/R/3.0.2-goolf-1.4.12-no-OFED-bare/lib64/R/library/XML/libs/XML.so
7fa6e1578000-7fa6e159e000 r-xp 00000000 00:16 13932121                   /gpfs01/sw/eb20131209/software/expat/2.1.0-goolf-1.4.12-no-OFED/lib/libexpat.so.1.6.0
7fa6e159e000-7fa6e179d000 ---p 00026000 00:16 13932121                   /gpfs01/sw/eb20131209/software/expat/2.1.0-goolf-1.4.12-no-OFED/lib/libexpat.so.1.6.0
7fa6e179d000-7fa6e17a0000 rw-p 00025000 00:16 13932121                   /gpfs01/sw/eb20131209/software/expat/2.1.0-goolf-1.4.12-no-OFED/lib/libexpat.so.1.6.0
7fa6e17a0000-7fa6e17df000 r-xp 00000000 fd:00 36382                      /usr/lib64/libjpeg.so.62.0.0
7fa6e17df000-7fa6e19df000 ---p 0003f000 fd:00 36382                      /usr/lib64/libjpeg.so.62.0.0
7fa6e19df000-7fa6e19e0000 rw-p 0003f000 fd:00 36382                      /usr/lib64/libjpeg.so.62.0.0
7fa6e19e0000-7fa6e19f0000 rw-p 00000000 00:00 0 
7fa6e19f0000-7fa6e1a27000 r-xp 00000000 00:16 13932153                   /gpfs01/sw/eb20131209/software/fontconfig/2.10.91-goolf-1.4.12-no-OFED/lib/libfontconfig.so.1.6.2
7fa6e1a27000-7fa6e1c26000 ---p 00037000 00:16 13932153                   /gpfs01/sw/eb20131209/software/fontconfig/2.10.91-goolf-1.4.12-no-OFED/lib/libfontconfig.so.1.6.2
7fa6e1c26000-7fa6e1c28000 rw-p 00036000 00:16 13932153                   /gpfs01/sw/eb20131209/software/fontconfig/2.10.91-goolf-1.4.12-no-OFED/lib/libfontconfig.so.1.6.2
7fa6e1c28000-7fa6e1cb4000 r-xp 00000000 00:16 13885864                   /gpfs01/sw/eb20131209/software/pixman/0.28.2-goolf-1.4.12-no-OFED/lib/libpixman-1.so.0.28.2
7fa6e1cb4000-7fa6e1eb4000 ---p 0008c000 00:16 13885864                   /gpfs01/sw/eb20131209/software/pixman/0.28.2-goolf-1.4.12-no-OFED/lib/libpixman-1.so.0.28.2
7fa6e1eb4000-7fa6e1ebb000 rw-p 0008c000 00:16 13885864                   /gpfs01/sw/eb20131209/software/pixman/0.28.2-goolf-1.4.12-no-OFED/lib/libpixman-1.so.0.28.2
7fa6e1ebb000-7fa6e1f1c000 r-xp 00000000 fd:00 4472                       /usr/lib64/libtiff.so.3.9.4
7fa6e1f1c000-7fa6e211c000 ---p 00061000 fd:00 4472                       /usr/lib64/libtiff.so.3.9.4
7fa6e211c000-7fa6e211f000 rw-p 00061000 fd:00 4472                       /usr/lib64/libtiff.so.3.9.4
7fa6e211f000-7fa6e2206000 r-xp 00000000 00:16 13932022                   /gpfs01/sw/eb20131209/software/cairo/1.12.14-goolf-1.4.12-no-OFED/lib/libcairo.so.2.11200.14
7fa6e2206000-7fa6e2406000 ---p 000e7000 00:16 13932022                   /gpfs01/sw/eb20131209/software/cairo/1.12.14-goolf-1.4.12-no-OFED/lib/libcairo.so.2.11200.14
7fa6e2406000-7fa6e2409000 rw-p 000e7000 00:16 13932022                   /gpfs01/sw/eb20131209/software/cairo/1.12.14-goolf-1.4.12-no-OFED/lib/libcairo.so.2.11200.14
7fa6e2409000-7fa6e240b000 rw-p 00000000 00:00 0 
7fa6e240b000-7fa6e2434000 r-xp 00000000 00:16 12989286                   /gpfs01/sw/eb20131209/software/libpng/1.5.14-goolf-1.4.12-no-OFED/lib/libpng15.so.15.14.0
7fa6e2434000-7fa6e2633000 ---p 00029000 00:16 12989286                   /gpfs01/sw/eb20131209/software/libpng/1.5.14-goolf-1.4.12-no-OFED/lib/libpng15.so.15.14.0
7fa6e2633000-7fa6e2634000 rw-p 00028000 00:16 12989286                   /gpfs01/sw/eb20131209/software/libpng/1.5.14-goolf-1.4.12-no-OFED/lib/libpng15.so.15.14.0
7fa6e2634000-7fa6e4634000 rw-p 00000000 00:00 0 
7fa6e4682000-7fa6e4686000 r-xp 00000000 fd:00 31320                      /lib64/libplc4.so
7fa6e4686000-7fa6e4885000 ---p 00004000 fd:00 31320                      /lib64/libplc4.so
7fa6e4885000-7fa6e4886000 r--p 00003000 fd:00 31320                      /lib64/libplc4.so
7fa6e4886000-7fa6e4887000 rw-p 00004000 fd:00 31320                      /lib64/libplc4.so
7fa6e4887000-7fa6e4892000 r-xp 00000000 00:16 13940012                   /gpfs01/sw/eb20131209/software/R/3.0.2-goolf-1.4.12-no-OFED-bare/lib64/R/library/RCurl/libs/RCurl.so
7fa6e4892000-7fa6e4a92000 ---p 0000b000 00:16 13940012                   /gpfs01/sw/eb20131209/software/R/3.0.2-goolf-1.4.12-no-OFED-bare/lib64/R/library/RCurl/libs/RCurl.so
7fa6e4a92000-7fa6e4a96000 rw-p 0000b000 00:16 13940012                   /gpfs01/sw/eb20131209/software/R/3.0.2-goolf-1.4.12-no-OFED-bare/lib64/R/library/RCurl/libs/RCurl.so
7fa6e4a96000-7fa6e4abf000 r-xp 00000000 00:16 7209519                    /gpfs01/home/gebkh/RLibrary/data.table/libs/datatable.so
7fa6e4abf000-7fa6e4cbe000 ---p 00029000 00:16 7209519                    /gpfs01/home/gebkh/RLibrary/data.table/libs/datatable.so
7fa6e4cbe000-7fa6e4cc0000 rw-p 00028000 00:16 7209519                    /gpfs01/home/gebkh/RLibrary/data.table/libs/datatable.so
7fa6e4cc0000-7fa6e4d25000 rw-p 00000000 00:00 0 
7fa6e4d25000-7fa6e4d6f000 r-xp 00000000 00:16 12864408                   /gpfs01/sw/eb20131209/software/R/3.0.2-goolf-1.4.12-no-OFED-bare/lib64/R/library/glmnet/libs/glmnet.so
7fa6e4d6f000-7fa6e4f6e000 ---p 0004a000 00:16 12864408                   /gpfs01/sw/eb20131209/software/R/3.0.2-goolf-1.4.12-no-OFED-bare/lib64/R/library/glmnet/libs/glmnet.so
7fa6e4f6e000-7fa6e4f6f000 rw-p 00049000 00:16 12864408                   /gpfs01/sw/eb20131209/software/R/3.0.2-goolf-1.4.12-no-OFED-bare/lib64/R/library/glmnet/libs/glmnet.so
7fa6e4f6f000-7fa6e5021000 r-xp 00000000 00:16 13939731                   /gpfs01/sw/eb20131209/software/R/3.0.2-goolf-1.4.12-no-OFED-bare/lib64/R/library/Matrix/libs/Matrix.so
7fa6e5021000-7fa6e5221000 ---p 000b2000 00:16 13939731                   /gpfs01/sw/eb20131209/software/R/3.0.2-goolf-1.4.12-no-OFED-bare/lib64/R/library/Matrix/libs/Matrix.so
7fa6e5221000-7fa6e5224000 rw-p 000b2000 00:16 13939731                   /gpfs01/sw/eb20131209/software/R/3.0.2-goolf-1.4.12-no-OFED-bare/lib64/R/library/Matrix/libs/Matrix.so
7fa6e5224000-7fa6e5226000 rw-p 00000000 00:00 0 
7fa6e5226000-7fa6e5228000 r-xp 00000000 00:16 7209414                    /gpfs01/home/gebkh/RLibrary/caret/libs/caret.so
7fa6e5228000-7fa6e5427000 ---p 00002000 00:16 7209414                    /gpfs01/home/gebkh/RLibrary/caret/libs/caret.so
7fa6e5427000-7fa6e5428000 rw-p 00001000 00:16 7209414                    /gpfs01/home/gebkh/RLibrary/caret/libs/caret.so
7fa6e5428000-7fa6e542c000 r-xp 00000000 00:16 7521183                    /gpfs01/home/gebkh/RLibrary/nnet/libs/nnet.so
7fa6e542c000-7fa6e562b000 ---p 00004000 00:16 7521183                    /gpfs01/home/gebkh/RLibrary/nnet/libs/nnet.so
7fa6e562b000-7fa6e562c000 rw-p 00003000 00:16 7521183                    /gpfs01/home/gebkh/RLibrary/nnet/libs/nnet.so
7fa6e562c000-7fa6e562f000 r-xp 00000000 00:16 7520985                    /gpfs01/home/gebkh/RLibrary/lattice/libs/lattice.so
7fa6e562f000-7fa6e582e000 ---p 00003000 00:16 7520985                    /gpfs01/home/gebkh/RLibrary/lattice/libs/lattice.so
7fa6e582e000-7fa6e582f000 rw-p 00002000 00:16 7520985                    /gpfs01/home/gebkh/RLibrary/lattice/libs/lattice.so
7fa6e582f000-7fa6e5834000 r-xp 00000000 00:16 7521103                    /gpfs01/home/gebkh/RLibrary/MASS/libs/MASS.so
7fa6e5834000-7fa6e5a33000 ---p 00005000 00:16 7521103                    /gpfs01/home/gebkh/RLibrary/MASS/libs/MASS.so
7fa6e5a33000-7fa6e5a34000 rw-p 00004000 00:16 7521103                    /gpfs01/home/gebkh/RLibrary/MASS/libs/MASS.so
7fa6e5a34000-7fa6e5a3f000 r-xp 00000000 00:16 12863995                   /gpfs01/sw/eb20131209/software/R/3.0.2-goolf-1.4.12-no-OFED-bare/lib64/R/library/colorspace/libs/colorspace.so
7fa6e5a3f000-7fa6e5c3e000 ---p 0000b000 00:16 12863995                   /gpfs01/sw/eb20131209/software/R/3.0.2-goolf-1.4.12-no-OFED-bare/lib64/R/library/colorspace/libs/colorspace.so
7fa6e5c3e000-7fa6e5c3f000 rw-p 0000a000 00:16 12863995                   /gpfs01/sw/eb20131209/software/R/3.0.2-goolf-1.4.12-no-OFED-bare/lib64/R/library/colorspace/libs/colorspace.so
7fa6e6640000-7fa6e8640000 rw-p 00000000 00:00 0 
7fa6e865a000-7fa6e8676000 r-xp 00000000 00:16 12864671                   /gpfs01/sw/eb20131209/software/R/3.0.2-goolf-1.4.12-no-OFED-bare/lib64/R/library/grid/libs/grid.so
7fa6e8676000-7fa6e8876000 ---p 0001c000 00:16 12864671                   /gpfs01/sw/eb20131209/software/R/3.0.2-goolf-1.4.12-no-OFED-bare/lib64/R/library/grid/libs/grid.so
7fa6e8876000-7fa6e8877000 rw-p 0001c000 00:16 12864671                   /gpfs01/sw/eb20131209/software/R/3.0.2-goolf-1.4.12-no-OFED-bare/lib64/R/library/grid/libs/grid.so
7fa6e8877000-7fa6e8890000 r-xp 00000000 00:16 23792377                   /gpfs01/home/gebkh/R/x86_64-unknown-linux-gnu-library/3.0/digest/libs/digest.so
7fa6e8890000-7fa6e8a8f000 ---p 00019000 00:16 23792377                   /gpfs01/home/gebkh/R/x86_64-unknown-linux-gnu-library/3.0/digest/libs/digest.so
7fa6e8a8f000-7fa6e8a90000 rw-p 00018000 00:16 23792377                   /gpfs01/home/gebkh/R/x86_64-unknown-linux-gnu-library/3.0/digest/libs/digest.so
7fa6e8a90000-7fa6e8a92000 rw-p 00000000 00:00 0 
7fa6e8a92000-7fa6e8a93000 r-xp 00000000 00:16 12865246                   /gpfs01/sw/eb20131209/software/R/3.0.2-goolf-1.4.12-no-OFED-bare/lib64/R/library/plyr/libs/plyr.so
7fa6e8a93000-7fa6e8c93000 ---p 00001000 00:16 12865246                   /gpfs01/sw/eb20131209/software/R/3.0.2-goolf-1.4.12-no-OFED-bare/lib64/R/library/plyr/libs/plyr.so
7fa6e8c93000-7fa6e8c94000 rw-p 00001000 00:16 12865246                   /gpfs01/sw/eb20131209/software/R/3.0.2-goolf-1.4.12-no-OFED-bare/lib64/R/library/plyr/libs/plyr.so
7fa6e9695000-7fa6e972f000 r-xp 00000000 00:16 13931047                   /gpfs01/sw/eb20131209/software/R/3.0.2-goolf-1.4.12-no-OFED-bare/lib64/R/library/stats/libs/stats.so
7fa6e972f000-7fa6e992e000 ---p 0009a000 00:16 13931047                   /gpfs01/sw/eb20131209/software/R/3.0.2-goolf-1.4.12-no-OFED-bare/lib64/R/library/stats/libs/stats.so
7fa6e992e000-7fa6e9931000 rw-p 00099000 00:16 13931047                   /gpfs01/sw/eb20131209/software/R/3.0.2-goolf-1.4.12-no-OFED-bare/lib64/R/library/stats/libs/stats.so
7fa6e9931000-7fa6e9932000 rw-p 00000000 00:00 0 
7fa6e9932000-7fa6e996e000 r-xp 00000000 00:16 12864597                   /gpfs01/sw/eb20131209/software/R/3.0.2-goolf-1.4.12-no-OFED-bare/lib64/R/library/graphics/libs/graphics.so
7fa6e996e000-7fa6e9b6d000 ---p 0003c000 00:16 12864597                   /gpfs01/sw/eb20131209/software/R/3.0.2-goolf-1.4.12-no-OFED-bare/lib64/R/library/graphics/libs/graphics.so
7fa6e9b6d000-7fa6e9b6f000 rw-p 0003b000 00:16 12864597                   /gpfs01/sw/eb20131209/software/R/3.0.2-goolf-1.4.12-no-OFED-bare/lib64/R/library/graphics/libs/graphics.so
7fa6e9b6f000-7fa6e9baa000 r-xp 00000000 00:16 12864557                   /gpfs01/sw/eb20131209/software/R/3.0.2-goolf-1.4.12-no-OFED-bare/lib64/R/library/grDevices/libs/grDevices.so
7fa6e9baa000-7fa6e9daa000 ---p 0003b000 00:16 12864557                   /gpfs01/sw/eb20131209/software/R/3.0.2-goolf-1.4.12-no-OFED-bare/lib64/R/library/grDevices/libs/grDevices.so
7fa6e9daa000-7fa6e9db0000 rw-p 0003b000 00:16 12864557                   /gpfs01/sw/eb20131209/software/R/3.0.2-goolf-1.4.12-no-OFED-bare/lib64/R/library/grDevices/libs/grDevices.so
7fa6e9db0000-7fa6e9db1000 rw-p 00000000 00:00 0 
7fa6e9e17000-7fa6e9e2a000 r-xp 00000000 00:16 13931232                   /gpfs01/sw/eb20131209/software/R/3.0.2-goolf-1.4.12-no-OFED-bare/lib64/R/library/tools/libs/tools.so
7fa6e9e2a000-7fa6ea029000 ---p 00013000 00:16 13931232                   /gpfs01/sw/eb20131209/software/R/3.0.2-goolf-1.4.12-no-OFED-bare/lib64/R/library/tools/libs/tools.so
7fa6ea029000-7fa6ea02b000 rw-p 00012000 00:16 13931232                   /gpfs01/sw/eb20131209/software/R/3.0.2-goolf-1.4.12-no-OFED-bare/lib64/R/library/tools/libs/tools.so
7fa6ea02b000-7fa6ea032000 r-xp 00000000 00:16 12865097                   /gpfs01/sw/eb20131209/software/R/3.0.2-goolf-1.4.12-no-OFED-bare/lib64/R/library/methods/libs/methods.so
7fa6ea032000-7fa6ea232000 ---p 00007000 00:16 12865097                   /gpfs01/sw/eb20131209/software/R/3.0.2-goolf-1.4.12-no-OFED-bare/lib64/R/library/methods/libs/methods.so
7fa6ea232000-7fa6ea233000 rw-p 00007000 00:16 12865097                   /gpfs01/sw/eb20131209/software/R/3.0.2-goolf-1.4.12-no-OFED-bare/lib64/R/library/methods/libs/methods.so
7fa6ea233000-7fa6ea23d000 r-xp 00000000 00:16 13931544                   /gpfs01/sw/eb20131209/software/R/3.0.2-goolf-1.4.12-no-OFED-bare/lib64/R/library/utils/libs/utils.so
7fa6ea23d000-7fa6ea43c000 ---p 0000a000 00:16 13931544                   /gpfs01/sw/eb20131209/software/R/3.0.2-goolf-1.4.12-no-OFED-bare/lib64/R/library/utils/libs/utils.so
7fa6ea43c000-7fa6ea43d000 rw-p 00009000 00:16 13931544                   /gpfs01/sw/eb20131209/software/R/3.0.2-goolf-1.4.12-no-OFED-bare/lib64/R/library/utils/libs/utils.so
7fa6ea43d000-7fa6ea43e000 rw-p 00000000 00:00 0 
7fa6ea43e000-7fa6ea473000 r-xp 00000000 fd:03 1394                       /opt/quest/lib64/libvtcacheipc.so.1.0.0
7fa6ea473000-7fa6ea673000 ---p 00035000 fd:03 1394                       /opt/quest/lib64/libvtcacheipc.so.1.0.0
7fa6ea673000-7fa6ea675000 rw-p 00035000 fd:03 1394                       /opt/quest/lib64/libvtcacheipc.so.1.0.0
7fa6ea675000-7fa6ec675000 rw-p 00000000 00:00 0 
7fa6ec6c8000-7fa6ec7d1000 rw-p 00000000 00:00 0 
7fa6ec7d1000-7fa6ec840000 r-xp 00000000 fd:03 1400                       /opt/quest/lib64/libvtutil.so.1.0.0
7fa6ec840000-7fa6eca3f000 ---p 0006f000 fd:03 1400                       /opt/quest/lib64/libvtutil.so.1.0.0
7fa6eca3f000-7fa6eca42000 rw-p 0006e000 fd:03 1400                       /opt/quest/lib64/libvtutil.so.1.0.0
7fa6eca42000-7fa6eca57000 r-xp 00000000 fd:03 1398                       /opt/quest/lib64/libvtsmartcache.so.1.0.0
7fa6eca57000-7fa6ecc57000 ---p 00015000 fd:03 1398                       /opt/quest/lib64/libvtsmartcache.so.1.0.0
7fa6ecc57000-7fa6ecc58000 rw-p 00015000 fd:03 1398                       /opt/quest/lib64/libvtsmartcache.so.1.0.0
7fa6ecc84000-7fa6ecc98000 r--p 00000000 fd:00 137131                     /usr/share/fonts/default/Type1/n019003l.pfb
7fa6ecc98000-7fa6eccd5000 r--s 0024f000 00:16 23238843                   /gpfs01/home/gebkh/RLibrary/xlsxjars/java/xmlbeans-2.3.0.jar
7fa6eccd5000-7fa6ecce9000 r-xp 00000000 fd:03 2033                       /opt/quest/lib64/nss/libnss_vas4.so.2
7fa6ecce9000-7fa6ecee8000 ---p 00014000 fd:03 2033                       /opt/quest/lib64/nss/libnss_vas4.so.2
7fa6ecee8000-7fa6ecee9000 rw-p 00013000 fd:03 2033                       /opt/quest/lib64/nss/libnss_vas4.so.2
7fa6ecee9000-7fa6ecef5000 r-xp 00000000 fd:00 3678                       /lib64/libnss_files-2.12.so
7fa6ecef5000-7fa6ed0f5000 ---p 0000c000 fd:00 3678                       /lib64/libnss_files-2.12.so
7fa6ed0f5000-7fa6ed0f6000 r--p 0000c000 fd:00 3678                       /lib64/libnss_files-2.12.so
7fa6ed0f6000-7fa6ed0f7000 rw-p 0000d000 fd:00 3678                       /lib64/libnss_files-2.12.so
7fa6ed0fb000-7fa6ed10d000 r--p 00000000 fd:00 137133                     /usr/share/fonts/default/Type1/n019004l.pfb
7fa6ed10d000-7fa6ed1c2000 rw-p 00000000 00:00 0 
7fa6ed1c2000-7fa6ed278000 rw-p 00000000 00:00 0 
7fa6ee67a000-7fa6f067a000 rw-p 00000000 00:00 0 
7fa6f0688000-7fa6f0696000 r--s 000ee000 00:16 23238840                   /gpfs01/home/gebkh/RLibrary/xlsxjars/java/poi-ooxml-3.10-FINAL-20140208.jar
7fa6f0696000-7fa6f06b8000 r--s 001bb000 00:16 23238839                   /gpfs01/home/gebkh/RLibrary/xlsxjars/java/poi-3.10-FINAL-20140208.jar
7fa6f06b8000-7fa6f077c000 rw-p 00000000 00:00 0 
7fa6f8989000-7fa6fa989000 rw-p 00000000 00:00 0 
7fa6fa98b000-7fa6fa990000 r--s 00048000 00:16 23238838                   /gpfs01/home/gebkh/RLibrary/xlsxjars/java/dom4j-1.6.1.jar
7fa6fa990000-7fa6fa996000 r--s 00033000 00:16 23238837                   /gpfs01/home/gebkh/RLibrary/xlsxjars/java/commons-codec-1.6.jar
7fa6fa996000-7fa6fa9ad000 rw-p 00000000 00:00 0 
7fa6fa9ad000-7fa6fa9cb000 rw-p 00000000 00:00 0 
7fa6fa9cb000-7fa6fa9d3000 rw-s 00000000 fd:01 31                         /tmp/hsperfdata_gebkh/7060 (deleted)
7fa6fa9d3000-7fa6faa37000 rw-p 00000000 00:00 0 
7fa6fb438000-7fa6fb439000 ---p 00000000 00:00 0 
7fa6fb439000-7fa6fbe39000 rwxp 00000000 00:00 0 
7fa6fbe39000-7fa6fbe40000 rw-p 00000000 00:00 0 
7fa6fbe40000-7fa6fbe75000 r-xp 00000000 00:16 13815147                   /gpfs01/sw/eb20131209/software/GCC/4.7.3/lib64/libquadmath.so.0.0.0
7fa6fbe75000-7fa6fc074000 ---p 00035000 00:16 13815147                   /gpfs01/sw/eb20131209/software/GCC/4.7.3/lib64/libquadmath.so.0.0.0
7fa6fc074000-7fa6fc075000 rw-p 00034000 00:16 13815147                   /gpfs01/sw/eb20131209/software/GCC/4.7.3/lib64/libquadmath.so.0.0.0
7fa6fc075000-7fa6fc077000 rw-p 00000000 00:00 0 
7fa6fc077000-7fa6fc085000 r-xp 00000000 00:16 13815132                   /gpfs01/sw/eb20131209/software/GCC/4.7.3/lib64/libgomp.so.1.0.0
7fa6fc085000-7fa6fc284000 ---p 0000e000 00:16 13815132                   /gpfs01/sw/eb20131209/software/GCC/4.7.3/lib64/libgomp.so.1.0.0
7fa6fc284000-7fa6fc285000 rw-p 0000d000 00:16 13815132                   /gpfs01/sw/eb20131209/software/GCC/4.7.3/lib64/libgomp.so.1.0.0
7fa6fc285000-7fa6fc286000 rw-p 00000000 00:00 0 
7fa6fc286000-7fa6fc2d1000 r-xp 00000000 00:16 12989820                   /gpfs01/sw/eb20131209/software/ncurses/5.9-goolf-1.4.12-no-OFED/lib/libncurses.so.5.9
7fa6fc2d1000-7fa6fc4d0000 ---p 0004b000 00:16 12989820                   /gpfs01/sw/eb20131209/software/ncurses/5.9-goolf-1.4.12-no-OFED/lib/libncurses.so.5.9
7fa6fc4d0000-7fa6fc4d5000 rw-p 0004a000 00:16 12989820                   /gpfs01/sw/eb20131209/software/ncurses/5.9-goolf-1.4.12-no-OFED/lib/libncurses.so.5.9
7fa6fc4d5000-7fa6fc510000 r-xp 00000000 00:16 12989305                   /gpfs01/sw/eb20131209/software/libreadline/6.2-goolf-1.4.12-no-OFED/lib/libreadline.so.6.2
7fa6fc510000-7fa6fc710000 ---p 0003b000 00:16 12989305                   /gpfs01/sw/eb20131209/software/libreadline/6.2-goolf-1.4.12-no-OFED/lib/libreadline.so.6.2
7fa6fc710000-7fa6fc718000 rw-p 0003b000 00:16 12989305                   /gpfs01/sw/eb20131209/software/libreadline/6.2-goolf-1.4.12-no-OFED/lib/libreadline.so.6.2
7fa6fc718000-7fa6fc719000 rw-p 00000000 00:00 0 
7fa6fc719000-7fa6fc82a000 r-xp 00000000 00:16 13815128                   /gpfs01/sw/eb20131209/software/GCC/4.7.3/lib64/libgfortran.so.3.0.0
7fa6fc82a000-7fa6fca2a000 ---p 00111000 00:16 13815128                   /gpfs01/sw/eb20131209/software/GCC/4.7.3/lib64/libgfortran.so.3.0.0
7fa6fca2a000-7fa6fca2c000 rw-p 00111000 00:16 13815128                   /gpfs01/sw/eb20131209/software/GCC/4.7.3/lib64/libgfortran.so.3.0.0
7fa6fca2c000-7fa6fca2d000 rw-p 00000000 00:00 0 
7fa6fca2d000-7fa6fd6a4000 r-xp 00000000 00:16 13561434                   /gpfs01/sw/eb20131209/software/OpenBLAS/0.2.6-gompi-1.4.12-no-OFED-LAPACK-3.4.2/lib/libopenblas_sandybridgep-r0.2.6.so
7fa6fd6a4000-7fa6fd8a4000 ---p 00c77000 00:16 13561434                   /gpfs01/sw/eb20131209/software/OpenBLAS/0.2.6-gompi-1.4.12-no-OFED-LAPACK-3.4.2/lib/libopenblas_sandybridgep-r0.2.6.so
7fa6fd8a4000-7fa6fd8b4000 rw-p 00c77000 00:16 13561434                   /gpfs01/sw/eb20131209/software/OpenBLAS/0.2.6-gompi-1.4.12-no-OFED-LAPACK-3.4.2/lib/libopenblas_sandybridgep-r0.2.6.so
7fa6fd8b4000-7fa6fd9c7000 rw-p 00000000 00:00 0 
7fa6fd9c7000-7fa6fd9dc000 r-xp 00000000 00:16 13815125                   /gpfs01/sw/eb20131209/software/GCC/4.7.3/lib64/libgcc_s.so.1
7fa6fd9dc000-7fa6fdbdb000 ---p 00015000 00:16 13815125                   /gpfs01/sw/eb20131209/software/GCC/4.7.3/lib64/libgcc_s.so.1
7fa6fdbdb000-7fa6fdbdc000 rw-p 00014000 00:16 13815125                   /gpfs01/sw/eb20131209/software/GCC/4.7.3/lib64/libgcc_s.so.1
7fa6fdbdc000-7fa6fdcc5000 r-xp 00000000 00:16 13815155                   /gpfs01/sw/eb20131209/software/GCC/4.7.3/lib64/libstdc++.so.6.0.17
7fa6fdcc5000-7fa6fdec4000 ---p 000e9000 00:16 13815155                   /gpfs01/sw/eb20131209/software/GCC/4.7.3/lib64/libstdc++.so.6.0.17
7fa6fdec4000-7fa6fdecc000 r--p 000e8000 00:16 13815155                   /gpfs01/sw/eb20131209/software/GCC/4.7.3/lib64/libstdc++.so.6.0.17
7fa6fdecc000-7fa6fdece000 rw-p 000f0000 00:16 13815155                   /gpfs01/sw/eb20131209/software/GCC/4.7.3/lib64/libstdc++.so.6.0.17
7fa6fdece000-7fa6fdee6000 rw-p 00000000 00:00 0 
7fa6fdee8000-7fa6fdee9000 r--s 00003000 00:16 8277454                    /gpfs01/home/gebkh/RLibrary/xlsx/java/rexcel-0.5.1.jar
7fa6fdee9000-7fa6fdeeb000 r--s 00005000 00:16 23238842                   /gpfs01/home/gebkh/RLibrary/xlsxjars/java/stax-api-1.0.1.jar
7fa6fdeeb000-7fa6fdeec000 r--p 00000000 00:16 13931284                   /gpfs01/sw/eb20131209/software/R/3.0.2-goolf-1.4.12-no-OFED-bare/lib64/R/library/translations/en/LC_MESSAGES/R.mo
7fa6fdeec000-7fa6fdeed000 rw-p 00000000 00:00 0 
7fa6fdeed000-7fa6fdeee000 r--p 00000000 00:00 0 
7fa6fdeee000-7fa6fdef5000 r--s 00000000 fd:00 4093                       /usr/lib64/gconv/gconv-modules.cache
7fa6fdef7000-7fa6fe18f000 r-xp 00000000 00:16 12873303                   /gpfs01/sw/eb20131209/software/R/3.0.2-goolf-1.4.12-no-OFED-bare/lib64/R/lib/libR.so
7fa6fe18f000-7fa6fe38f000 ---p 00298000 00:16 12873303                   /gpfs01/sw/eb20131209/software/R/3.0.2-goolf-1.4.12-no-OFED-bare/lib64/R/lib/libR.so
7fa6fe38f000-7fa6fe39f000 rw-p 00298000 00:16 12873303                   /gpfs01/sw/eb20131209/software/R/3.0.2-goolf-1.4.12-no-OFED-bare/lib64/R/lib/libR.so
7fa6fe39f000-7fa6fe48c000 rw-p 00000000 00:00 0 
7fff916a1000-7fff916a4000 ---p 00000000 00:00 0 
7fff916a5000-7fff917a1000 rwxp 00000000 00:00 0                          [stack]
7fff917a1000-7fff917a2000 rw-p 00000000 00:00 0 
7fff917a8000-7fff917a9000 r-xp 00000000 00:00 0                          [vdso]
ffffffffff600000-ffffffffff601000 r-xp 00000000 00:00 0                  [vsyscall]

VM Arguments:
jvm_args: -Xmx512m -Xrs vfprintf exit 
java_command: <unknown>
Launcher Type: generic

Environment Variables:
PATH=/sbin:/usr/sbin:/bin:/usr/bin
LD_LIBRARY_PATH=/opt/oracle/app/oracle/product/11.2.0/lib:/gpfs01/sw/eb20131209/software/R/3.0.2-goolf-1.4.12-no-OFED-bare/lib64/R/lib:/lib:/gpfs01/sw/eb20131209/software/GCC/4.7.3/lib64:/gpfs01/sw/eb20131209/software/GCC/4.7.3/lib:/gpfs01/sw/eb20131209/software/OpenBLAS/0.2.6-gompi-1.4.12-no-OFED-LAPACK-3.4.2/lib:/gpfs01/sw/eb20131209/software/ScaLAPACK/2.0.2-gompi-1.4.12-no-OFED-OpenBLAS-0.2.6-LAPACK-3.4.2/lib:/gpfs01/sw/eb20131209/software/FFTW/3.3.3-gompi-1.4.12-no-OFED/lib:/gpfs01/sw/eb20131209/software/libreadline/6.2-goolf-1.4.12-no-OFED/lib:/gpfs01/sw/eb20131209/software/ncurses/5.9-goolf-1.4.12-no-OFED/lib:/gpfs01/sw/eb20131209/software/libpng/1.5.14-goolf-1.4.12-no-OFED/lib:/gpfs01/sw/eb20131209/software/cairo/1.12.14-goolf-1.4.12-no-OFED/lib:/gpfs01/sw/eb20131209/software/Java/1.7.0_45/lib:/gpfs01/sw/eb20131209/software/Java/1.7.0_45/jre/lib/amd64/server:@JAVA_LD@:@JAVA_LD@:@JAVA_LD@:@JAVA_LD@
DISPLAY=:0

Signal Handlers:
SIGSEGV: [libjvm.so+0x9935b0], sa_mask[0]=0x7ffbfeff, sa_flags=0x10000004
SIGBUS: [libjvm.so+0x9935b0], sa_mask[0]=0x7ffbfeff, sa_flags=0x10000004
SIGFPE: [libjvm.so+0x810330], sa_mask[0]=0x7ffbfeff, sa_flags=0x10000004
SIGPIPE: [libjvm.so+0x810330], sa_mask[0]=0x7ffbfeff, sa_flags=0x10000004
SIGXFSZ: [libjvm.so+0x810330], sa_mask[0]=0x7ffbfeff, sa_flags=0x10000004
SIGILL: [libjvm.so+0x810330], sa_mask[0]=0x7ffbfeff, sa_flags=0x10000004
SIGUSR1: [parallel.so+0x1cf0], sa_mask[0]=0x00000200, sa_flags=0x10000000
SIGUSR2: [libjvm.so+0x811820], sa_mask[0]=0x00000002, sa_flags=0x10000004
SIGHUP: SIG_IGN, sa_mask[0]=0x00000000, sa_flags=0x00000000
SIGINT: SIG_DFL, sa_mask[0]=0x00000000, sa_flags=0x00000000
SIGTERM: SIG_DFL, sa_mask[0]=0x00000000, sa_flags=0x00000000
SIGQUIT: SIG_DFL, sa_mask[0]=0x00000000, sa_flags=0x00000000


---------------  S Y S T E M  ---------------

OS:Red Hat Enterprise Linux Server release 6.3 (Santiago)

uname:Linux 2.6.32-279.14.1.el6.x86_64 #1 SMP Mon Oct 15 13:44:51 EDT 2012 x86_64
libc:glibc 2.12 NPTL 2.12 
rlimit: STACK 10240k, CORE 0k, NPROC 1024, NOFILE 4096, AS infinity
load average:15.66 16.46 15.76

/proc/meminfo:
MemTotal:       264505256 kB
MemFree:        53307356 kB
Buffers:          593236 kB
Cached:         157598004 kB
SwapCached:            0 kB
Active:         116380940 kB
Inactive:       89727136 kB
Active(anon):   45518564 kB
Inactive(anon):  2402596 kB
Active(file):   70862376 kB
Inactive(file): 87324540 kB
Unevictable:       37236 kB
Mlocked:           12708 kB
SwapTotal:       4194296 kB
SwapFree:        4194296 kB
Dirty:            121904 kB
Writeback:         58952 kB
AnonPages:      47949812 kB
Mapped:           147268 kB
Shmem:               584 kB
Slab:            2329136 kB
SReclaimable:    2190268 kB
SUnreclaim:       138868 kB
KernelStack:       17704 kB
PageTables:       140936 kB
NFS_Unstable:          0 kB
Bounce:                0 kB
WritebackTmp:          0 kB
CommitLimit:    136446924 kB
Committed_AS:   69288060 kB
VmallocTotal:   34359738367 kB
VmallocUsed:      676168 kB
VmallocChunk:   34221522108 kB
HardwareCorrupted:     0 kB
AnonHugePages:  46290944 kB
HugePages_Total:       0
HugePages_Free:        0
HugePages_Rsvd:        0
HugePages_Surp:        0
Hugepagesize:       2048 kB
DirectMap4k:        6152 kB
DirectMap2M:     2070528 kB
DirectMap1G:    266338304 kB


CPU:total 32 (8 cores per cpu, 2 threads per core) family 6 model 45 stepping 7, cmov, cx8, fxsr, mmx, sse, sse2, sse3, ssse3, sse4.1, sse4.2, popcnt, avx, aes, ht, tsc, tscinvbit, tscinv

/proc/cpuinfo:
processor	: 0
vendor_id	: GenuineIntel
cpu family	: 6
model		: 45
model name	: Intel(R) Xeon(R) CPU E5-2680 0 @ 2.70GHz
stepping	: 7
cpu MHz		: 2701.000
cache size	: 20480 KB
physical id	: 0
siblings	: 16
core id		: 0
cpu cores	: 8
apicid		: 0
initial apicid	: 0
fpu		: yes
fpu_exception	: yes
cpuid level	: 13
wp		: yes
flags		: fpu vme de pse tsc msr pae mce cx8 apic mtrr pge mca cmov pat pse36 clflush dts acpi mmx fxsr sse sse2 ss ht tm pbe syscall nx pdpe1gb rdtscp lm constant_tsc arch_perfmon pebs bts rep_good xtopology nonstop_tsc aperfmperf pni pclmulqdq dtes64 monitor ds_cpl vmx smx est tm2 ssse3 cx16 xtpr pdcm dca sse4_1 sse4_2 x2apic popcnt aes xsave avx lahf_lm ida arat epb xsaveopt pln pts dts tpr_shadow vnmi flexpriority ept vpid
bogomips	: 5399.71
clflush size	: 64
cache_alignment	: 64
address sizes	: 46 bits physical, 48 bits virtual
power management:

processor	: 1
vendor_id	: GenuineIntel
cpu family	: 6
model		: 45
model name	: Intel(R) Xeon(R) CPU E5-2680 0 @ 2.70GHz
stepping	: 7
cpu MHz		: 2701.000
cache size	: 20480 KB
physical id	: 0
siblings	: 16
core id		: 1
cpu cores	: 8
apicid		: 2
initial apicid	: 2
fpu		: yes
fpu_exception	: yes
cpuid level	: 13
wp		: yes
flags		: fpu vme de pse tsc msr pae mce cx8 apic mtrr pge mca cmov pat pse36 clflush dts acpi mmx fxsr sse sse2 ss ht tm pbe syscall nx pdpe1gb rdtscp lm constant_tsc arch_perfmon pebs bts rep_good xtopology nonstop_tsc aperfmperf pni pclmulqdq dtes64 monitor ds_cpl vmx smx est tm2 ssse3 cx16 xtpr pdcm dca sse4_1 sse4_2 x2apic popcnt aes xsave avx lahf_lm ida arat epb xsaveopt pln pts dts tpr_shadow vnmi flexpriority ept vpid
bogomips	: 5399.71
clflush size	: 64
cache_alignment	: 64
address sizes	: 46 bits physical, 48 bits virtual
power management:

processor	: 2
vendor_id	: GenuineIntel
cpu family	: 6
model		: 45
model name	: Intel(R) Xeon(R) CPU E5-2680 0 @ 2.70GHz
stepping	: 7
cpu MHz		: 2701.000
cache size	: 20480 KB
physical id	: 0
siblings	: 16
core id		: 2
cpu cores	: 8
apicid		: 4
initial apicid	: 4
fpu		: yes
fpu_exception	: yes
cpuid level	: 13
wp		: yes
flags		: fpu vme de pse tsc msr pae mce cx8 apic mtrr pge mca cmov pat pse36 clflush dts acpi mmx fxsr sse sse2 ss ht tm pbe syscall nx pdpe1gb rdtscp lm constant_tsc arch_perfmon pebs bts rep_good xtopology nonstop_tsc aperfmperf pni pclmulqdq dtes64 monitor ds_cpl vmx smx est tm2 ssse3 cx16 xtpr pdcm dca sse4_1 sse4_2 x2apic popcnt aes xsave avx lahf_lm ida arat epb xsaveopt pln pts dts tpr_shadow vnmi flexpriority ept vpid
bogomips	: 5399.71
clflush size	: 64
cache_alignment	: 64
address sizes	: 46 bits physical, 48 bits virtual
power management:

processor	: 3
vendor_id	: GenuineIntel
cpu family	: 6
model		: 45
model name	: Intel(R) Xeon(R) CPU E5-2680 0 @ 2.70GHz
stepping	: 7
cpu MHz		: 2701.000
cache size	: 20480 KB
physical id	: 0
siblings	: 16
core id		: 3
cpu cores	: 8
apicid		: 6
initial apicid	: 6
fpu		: yes
fpu_exception	: yes
cpuid level	: 13
wp		: yes
flags		: fpu vme de pse tsc msr pae mce cx8 apic mtrr pge mca cmov pat pse36 clflush dts acpi mmx fxsr sse sse2 ss ht tm pbe syscall nx pdpe1gb rdtscp lm constant_tsc arch_perfmon pebs bts rep_good xtopology nonstop_tsc aperfmperf pni pclmulqdq dtes64 monitor ds_cpl vmx smx est tm2 ssse3 cx16 xtpr pdcm dca sse4_1 sse4_2 x2apic popcnt aes xsave avx lahf_lm ida arat epb xsaveopt pln pts dts tpr_shadow vnmi flexpriority ept vpid
bogomips	: 5399.71
clflush size	: 64
cache_alignment	: 64
address sizes	: 46 bits physical, 48 bits virtual
power management:

processor	: 4
vendor_id	: GenuineIntel
cpu family	: 6
model		: 45
model name	: Intel(R) Xeon(R) CPU E5-2680 0 @ 2.70GHz
stepping	: 7
cpu MHz		: 2701.000
cache size	: 20480 KB
physical id	: 0
siblings	: 16
core id		: 4
cpu cores	: 8
apicid		: 8
initial apicid	: 8
fpu		: yes
fpu_exception	: yes
cpuid level	: 13
wp		: yes
flags		: fpu vme de pse tsc msr pae mce cx8 apic mtrr pge mca cmov pat pse36 clflush dts acpi mmx fxsr sse sse2 ss ht tm pbe syscall nx pdpe1gb rdtscp lm constant_tsc arch_perfmon pebs bts rep_good xtopology nonstop_tsc aperfmperf pni pclmulqdq dtes64 monitor ds_cpl vmx smx est tm2 ssse3 cx16 xtpr pdcm dca sse4_1 sse4_2 x2apic popcnt aes xsave avx lahf_lm ida arat epb xsaveopt pln pts dts tpr_shadow vnmi flexpriority ept vpid
bogomips	: 5399.71
clflush size	: 64
cache_alignment	: 64
address sizes	: 46 bits physical, 48 bits virtual
power management:

processor	: 5
vendor_id	: GenuineIntel
cpu family	: 6
model		: 45
model name	: Intel(R) Xeon(R) CPU E5-2680 0 @ 2.70GHz
stepping	: 7
cpu MHz		: 2701.000
cache size	: 20480 KB
physical id	: 0
siblings	: 16
core id		: 5
cpu cores	: 8
apicid		: 10
initial apicid	: 10
fpu		: yes
fpu_exception	: yes
cpuid level	: 13
wp		: yes
flags		: fpu vme de pse tsc msr pae mce cx8 apic mtrr pge mca cmov pat pse36 clflush dts acpi mmx fxsr sse sse2 ss ht tm pbe syscall nx pdpe1gb rdtscp lm constant_tsc arch_perfmon pebs bts rep_good xtopology nonstop_tsc aperfmperf pni pclmulqdq dtes64 monitor ds_cpl vmx smx est tm2 ssse3 cx16 xtpr pdcm dca sse4_1 sse4_2 x2apic popcnt aes xsave avx lahf_lm ida arat epb xsaveopt pln pts dts tpr_shadow vnmi flexpriority ept vpid
bogomips	: 5399.71
clflush size	: 64
cache_alignment	: 64
address sizes	: 46 bits physical, 48 bits virtual
power management:

processor	: 6
vendor_id	: GenuineIntel
cpu family	: 6
model		: 45
model name	: Intel(R) Xeon(R) CPU E5-2680 0 @ 2.70GHz
stepping	: 7
cpu MHz		: 2701.000
cache size	: 20480 KB
physical id	: 0
siblings	: 16
core id		: 6
cpu cores	: 8
apicid		: 12
initial apicid	: 12
fpu		: yes
fpu_exception	: yes
cpuid level	: 13
wp		: yes
flags		: fpu vme de pse tsc msr pae mce cx8 apic mtrr pge mca cmov pat pse36 clflush dts acpi mmx fxsr sse sse2 ss ht tm pbe syscall nx pdpe1gb rdtscp lm constant_tsc arch_perfmon pebs bts rep_good xtopology nonstop_tsc aperfmperf pni pclmulqdq dtes64 monitor ds_cpl vmx smx est tm2 ssse3 cx16 xtpr pdcm dca sse4_1 sse4_2 x2apic popcnt aes xsave avx lahf_lm ida arat epb xsaveopt pln pts dts tpr_shadow vnmi flexpriority ept vpid
bogomips	: 5399.71
clflush size	: 64
cache_alignment	: 64
address sizes	: 46 bits physical, 48 bits virtual
power management:

processor	: 7
vendor_id	: GenuineIntel
cpu family	: 6
model		: 45
model name	: Intel(R) Xeon(R) CPU E5-2680 0 @ 2.70GHz
stepping	: 7
cpu MHz		: 2701.000
cache size	: 20480 KB
physical id	: 0
siblings	: 16
core id		: 7
cpu cores	: 8
apicid		: 14
initial apicid	: 14
fpu		: yes
fpu_exception	: yes
cpuid level	: 13
wp		: yes
flags		: fpu vme de pse tsc msr pae mce cx8 apic mtrr pge mca cmov pat pse36 clflush dts acpi mmx fxsr sse sse2 ss ht tm pbe syscall nx pdpe1gb rdtscp lm constant_tsc arch_perfmon pebs bts rep_good xtopology nonstop_tsc aperfmperf pni pclmulqdq dtes64 monitor ds_cpl vmx smx est tm2 ssse3 cx16 xtpr pdcm dca sse4_1 sse4_2 x2apic popcnt aes xsave avx lahf_lm ida arat epb xsaveopt pln pts dts tpr_shadow vnmi flexpriority ept vpid
bogomips	: 5399.71
clflush size	: 64
cache_alignment	: 64
address sizes	: 46 bits physical, 48 bits virtual
power management:

processor	: 8
vendor_id	: GenuineIntel
cpu family	: 6
model		: 45
model name	: Intel(R) Xeon(R) CPU E5-2680 0 @ 2.70GHz
stepping	: 7
cpu MHz		: 2701.000
cache size	: 20480 KB
physical id	: 1
siblings	: 16
core id		: 0
cpu cores	: 8
apicid		: 32
initial apicid	: 32
fpu		: yes
fpu_exception	: yes
cpuid level	: 13
wp		: yes
flags		: fpu vme de pse tsc msr pae mce cx8 apic mtrr pge mca cmov pat pse36 clflush dts acpi mmx fxsr sse sse2 ss ht tm pbe syscall nx pdpe1gb rdtscp lm constant_tsc arch_perfmon pebs bts rep_good xtopology nonstop_tsc aperfmperf pni pclmulqdq dtes64 monitor ds_cpl vmx smx est tm2 ssse3 cx16 xtpr pdcm dca sse4_1 sse4_2 x2apic popcnt aes xsave avx lahf_lm ida arat epb xsaveopt pln pts dts tpr_shadow vnmi flexpriority ept vpid
bogomips	: 5399.21
clflush size	: 64
cache_alignment	: 64
address sizes	: 46 bits physical, 48 bits virtual
power management:

processor	: 9
vendor_id	: GenuineIntel
cpu family	: 6
model		: 45
model name	: Intel(R) Xeon(R) CPU E5-2680 0 @ 2.70GHz
stepping	: 7
cpu MHz		: 2701.000
cache size	: 20480 KB
physical id	: 1
siblings	: 16
core id		: 1
cpu cores	: 8
apicid		: 34
initial apicid	: 34
fpu		: yes
fpu_exception	: yes
cpuid level	: 13
wp		: yes
flags		: fpu vme de pse tsc msr pae mce cx8 apic mtrr pge mca cmov pat pse36 clflush dts acpi mmx fxsr sse sse2 ss ht tm pbe syscall nx pdpe1gb rdtscp lm constant_tsc arch_perfmon pebs bts rep_good xtopology nonstop_tsc aperfmperf pni pclmulqdq dtes64 monitor ds_cpl vmx smx est tm2 ssse3 cx16 xtpr pdcm dca sse4_1 sse4_2 x2apic popcnt aes xsave avx lahf_lm ida arat epb xsaveopt pln pts dts tpr_shadow vnmi flexpriority ept vpid
bogomips	: 5399.21
clflush size	: 64
cache_alignment	: 64
address sizes	: 46 bits physical, 48 bits virtual
power management:

processor	: 10
vendor_id	: GenuineIntel
cpu family	: 6
model		: 45
model name	: Intel(R) Xeon(R) CPU E5-2680 0 @ 2.70GHz
stepping	: 7
cpu MHz		: 2701.000
cache size	: 20480 KB
physical id	: 1
siblings	: 16
core id		: 2
cpu cores	: 8
apicid		: 36
initial apicid	: 36
fpu		: yes
fpu_exception	: yes
cpuid level	: 13
wp		: yes
flags		: fpu vme de pse tsc msr pae mce cx8 apic mtrr pge mca cmov pat pse36 clflush dts acpi mmx fxsr sse sse2 ss ht tm pbe syscall nx pdpe1gb rdtscp lm constant_tsc arch_perfmon pebs bts rep_good xtopology nonstop_tsc aperfmperf pni pclmulqdq dtes64 monitor ds_cpl vmx smx est tm2 ssse3 cx16 xtpr pdcm dca sse4_1 sse4_2 x2apic popcnt aes xsave avx lahf_lm ida arat epb xsaveopt pln pts dts tpr_shadow vnmi flexpriority ept vpid
bogomips	: 5399.21
clflush size	: 64
cache_alignment	: 64
address sizes	: 46 bits physical, 48 bits virtual
power management:

processor	: 11
vendor_id	: GenuineIntel
cpu family	: 6
model		: 45
model name	: Intel(R) Xeon(R) CPU E5-2680 0 @ 2.70GHz
stepping	: 7
cpu MHz		: 2701.000
cache size	: 20480 KB
physical id	: 1
siblings	: 16
core id		: 3
cpu cores	: 8
apicid		: 38
initial apicid	: 38
fpu		: yes
fpu_exception	: yes
cpuid level	: 13
wp		: yes
flags		: fpu vme de pse tsc msr pae mce cx8 apic mtrr pge mca cmov pat pse36 clflush dts acpi mmx fxsr sse sse2 ss ht tm pbe syscall nx pdpe1gb rdtscp lm constant_tsc arch_perfmon pebs bts rep_good xtopology nonstop_tsc aperfmperf pni pclmulqdq dtes64 monitor ds_cpl vmx smx est tm2 ssse3 cx16 xtpr pdcm dca sse4_1 sse4_2 x2apic popcnt aes xsave avx lahf_lm ida arat epb xsaveopt pln pts dts tpr_shadow vnmi flexpriority ept vpid
bogomips	: 5399.21
clflush size	: 64
cache_alignment	: 64
address sizes	: 46 bits physical, 48 bits virtual
power management:

processor	: 12
vendor_id	: GenuineIntel
cpu family	: 6
model		: 45
model name	: Intel(R) Xeon(R) CPU E5-2680 0 @ 2.70GHz
stepping	: 7
cpu MHz		: 2701.000
cache size	: 20480 KB
physical id	: 1
siblings	: 16
core id		: 4
cpu cores	: 8
apicid		: 40
initial apicid	: 40
fpu		: yes
fpu_exception	: yes
cpuid level	: 13
wp		: yes
flags		: fpu vme de pse tsc msr pae mce cx8 apic mtrr pge mca cmov pat pse36 clflush dts acpi mmx fxsr sse sse2 ss ht tm pbe syscall nx pdpe1gb rdtscp lm constant_tsc arch_perfmon pebs bts rep_good xtopology nonstop_tsc aperfmperf pni pclmulqdq dtes64 monitor ds_cpl vmx smx est tm2 ssse3 cx16 xtpr pdcm dca sse4_1 sse4_2 x2apic popcnt aes xsave avx lahf_lm ida arat epb xsaveopt pln pts dts tpr_shadow vnmi flexpriority ept vpid
bogomips	: 5399.21
clflush size	: 64
cache_alignment	: 64
address sizes	: 46 bits physical, 48 bits virtual
power management:

processor	: 13
vendor_id	: GenuineIntel
cpu family	: 6
model		: 45
model name	: Intel(R) Xeon(R) CPU E5-2680 0 @ 2.70GHz
stepping	: 7
cpu MHz		: 2701.000
cache size	: 20480 KB
physical id	: 1
siblings	: 16
core id		: 5
cpu cores	: 8
apicid		: 42
initial apicid	: 42
fpu		: yes
fpu_exception	: yes
cpuid level	: 13
wp		: yes
flags		: fpu vme de pse tsc msr pae mce cx8 apic mtrr pge mca cmov pat pse36 clflush dts acpi mmx fxsr sse sse2 ss ht tm pbe syscall nx pdpe1gb rdtscp lm constant_tsc arch_perfmon pebs bts rep_good xtopology nonstop_tsc aperfmperf pni pclmulqdq dtes64 monitor ds_cpl vmx smx est tm2 ssse3 cx16 xtpr pdcm dca sse4_1 sse4_2 x2apic popcnt aes xsave avx lahf_lm ida arat epb xsaveopt pln pts dts tpr_shadow vnmi flexpriority ept vpid
bogomips	: 5399.21
clflush size	: 64
cache_alignment	: 64
address sizes	: 46 bits physical, 48 bits virtual
power management:

processor	: 14
vendor_id	: GenuineIntel
cpu family	: 6
model		: 45
model name	: Intel(R) Xeon(R) CPU E5-2680 0 @ 2.70GHz
stepping	: 7
cpu MHz		: 2701.000
cache size	: 20480 KB
physical id	: 1
siblings	: 16
core id		: 6
cpu cores	: 8
apicid		: 44
initial apicid	: 44
fpu		: yes
fpu_exception	: yes
cpuid level	: 13
wp		: yes
flags		: fpu vme de pse tsc msr pae mce cx8 apic mtrr pge mca cmov pat pse36 clflush dts acpi mmx fxsr sse sse2 ss ht tm pbe syscall nx pdpe1gb rdtscp lm constant_tsc arch_perfmon pebs bts rep_good xtopology nonstop_tsc aperfmperf pni pclmulqdq dtes64 monitor ds_cpl vmx smx est tm2 ssse3 cx16 xtpr pdcm dca sse4_1 sse4_2 x2apic popcnt aes xsave avx lahf_lm ida arat epb xsaveopt pln pts dts tpr_shadow vnmi flexpriority ept vpid
bogomips	: 5399.21
clflush size	: 64
cache_alignment	: 64
address sizes	: 46 bits physical, 48 bits virtual
power management:

processor	: 15
vendor_id	: GenuineIntel
cpu family	: 6
model		: 45
model name	: Intel(R) Xeon(R) CPU E5-2680 0 @ 2.70GHz
stepping	: 7
cpu MHz		: 2701.000
cache size	: 20480 KB
physical id	: 1
siblings	: 16
core id		: 7
cpu cores	: 8
apicid		: 46
initial apicid	: 46
fpu		: yes
fpu_exception	: yes
cpuid level	: 13
wp		: yes
flags		: fpu vme de pse tsc msr pae mce cx8 apic mtrr pge mca cmov pat pse36 clflush dts acpi mmx fxsr sse sse2 ss ht tm pbe syscall nx pdpe1gb rdtscp lm constant_tsc arch_perfmon pebs bts rep_good xtopology nonstop_tsc aperfmperf pni pclmulqdq dtes64 monitor ds_cpl vmx smx est tm2 ssse3 cx16 xtpr pdcm dca sse4_1 sse4_2 x2apic popcnt aes xsave avx lahf_lm ida arat epb xsaveopt pln pts dts tpr_shadow vnmi flexpriority ept vpid
bogomips	: 5399.21
clflush size	: 64
cache_alignment	: 64
address sizes	: 46 bits physical, 48 bits virtual
power management:

processor	: 16
vendor_id	: GenuineIntel
cpu family	: 6
model		: 45
model name	: Intel(R) Xeon(R) CPU E5-2680 0 @ 2.70GHz
stepping	: 7
cpu MHz		: 2701.000
cache size	: 20480 KB
physical id	: 0
siblings	: 16
core id		: 0
cpu cores	: 8
apicid		: 1
initial apicid	: 1
fpu		: yes
fpu_exception	: yes
cpuid level	: 13
wp		: yes
flags		: fpu vme de pse tsc msr pae mce cx8 apic mtrr pge mca cmov pat pse36 clflush dts acpi mmx fxsr sse sse2 ss ht tm pbe syscall nx pdpe1gb rdtscp lm constant_tsc arch_perfmon pebs bts rep_good xtopology nonstop_tsc aperfmperf pni pclmulqdq dtes64 monitor ds_cpl vmx smx est tm2 ssse3 cx16 xtpr pdcm dca sse4_1 sse4_2 x2apic popcnt aes xsave avx lahf_lm ida arat epb xsaveopt pln pts dts tpr_shadow vnmi flexpriority ept vpid
bogomips	: 5399.71
clflush size	: 64
cache_alignment	: 64
address sizes	: 46 bits physical, 48 bits virtual
power management:

processor	: 17
vendor_id	: GenuineIntel
cpu family	: 6
model		: 45
model name	: Intel(R) Xeon(R) CPU E5-2680 0 @ 2.70GHz
stepping	: 7
cpu MHz		: 2701.000
cache size	: 20480 KB
physical id	: 0
siblings	: 16
core id		: 1
cpu cores	: 8
apicid		: 3
initial apicid	: 3
fpu		: yes
fpu_exception	: yes
cpuid level	: 13
wp		: yes
flags		: fpu vme de pse tsc msr pae mce cx8 apic mtrr pge mca cmov pat pse36 clflush dts acpi mmx fxsr sse sse2 ss ht tm pbe syscall nx pdpe1gb rdtscp lm constant_tsc arch_perfmon pebs bts rep_good xtopology nonstop_tsc aperfmperf pni pclmulqdq dtes64 monitor ds_cpl vmx smx est tm2 ssse3 cx16 xtpr pdcm dca sse4_1 sse4_2 x2apic popcnt aes xsave avx lahf_lm ida arat epb xsaveopt pln pts dts tpr_shadow vnmi flexpriority ept vpid
bogomips	: 5399.71
clflush size	: 64
cache_alignment	: 64
address sizes	: 46 bits physical, 48 bits virtual
power management:

processor	: 18
vendor_id	: GenuineIntel
cpu family	: 6
model		: 45
model name	: Intel(R) Xeon(R) CPU E5-2680 0 @ 2.70GHz
stepping	: 7
cpu MHz		: 2701.000
cache size	: 20480 KB
physical id	: 0
siblings	: 16
core id		: 2
cpu cores	: 8
apicid		: 5
initial apicid	: 5
fpu		: yes
fpu_exception	: yes
cpuid level	: 13
wp		: yes
flags		: fpu vme de pse tsc msr pae mce cx8 apic mtrr pge mca cmov pat pse36 clflush dts acpi mmx fxsr sse sse2 ss ht tm pbe syscall nx pdpe1gb rdtscp lm constant_tsc arch_perfmon pebs bts rep_good xtopology nonstop_tsc aperfmperf pni pclmulqdq dtes64 monitor ds_cpl vmx smx est tm2 ssse3 cx16 xtpr pdcm dca sse4_1 sse4_2 x2apic popcnt aes xsave avx lahf_lm ida arat epb xsaveopt pln pts dts tpr_shadow vnmi flexpriority ept vpid
bogomips	: 5399.71
clflush size	: 64
cache_alignment	: 64
address sizes	: 46 bits physical, 48 bits virtual
power management:

processor	: 19
vendor_id	: GenuineIntel
cpu family	: 6
model		: 45
model name	: Intel(R) Xeon(R) CPU E5-2680 0 @ 2.70GHz
stepping	: 7
cpu MHz		: 2701.000
cache size	: 20480 KB
physical id	: 0
siblings	: 16
core id		: 3
cpu cores	: 8
apicid		: 7
initial apicid	: 7
fpu		: yes
fpu_exception	: yes
cpuid level	: 13
wp		: yes
flags		: fpu vme de pse tsc msr pae mce cx8 apic mtrr pge mca cmov pat pse36 clflush dts acpi mmx fxsr sse sse2 ss ht tm pbe syscall nx pdpe1gb rdtscp lm constant_tsc arch_perfmon pebs bts rep_good xtopology nonstop_tsc aperfmperf pni pclmulqdq dtes64 monitor ds_cpl vmx smx est tm2 ssse3 cx16 xtpr pdcm dca sse4_1 sse4_2 x2apic popcnt aes xsave avx lahf_lm ida arat epb xsaveopt pln pts dts tpr_shadow vnmi flexpriority ept vpid
bogomips	: 5399.71
clflush size	: 64
cache_alignment	: 64
address sizes	: 46 bits physical, 48 bits virtual
power management:

processor	: 20
vendor_id	: GenuineIntel
cpu family	: 6
model		: 45
model name	: Intel(R) Xeon(R) CPU E5-2680 0 @ 2.70GHz
stepping	: 7
cpu MHz		: 2701.000
cache size	: 20480 KB
physical id	: 0
siblings	: 16
core id		: 4
cpu cores	: 8
apicid		: 9
initial apicid	: 9
fpu		: yes
fpu_exception	: yes
cpuid level	: 13
wp		: yes
flags		: fpu vme de pse tsc msr pae mce cx8 apic mtrr pge mca cmov pat pse36 clflush dts acpi mmx fxsr sse sse2 ss ht tm pbe syscall nx pdpe1gb rdtscp lm constant_tsc arch_perfmon pebs bts rep_good xtopology nonstop_tsc aperfmperf pni pclmulqdq dtes64 monitor ds_cpl vmx smx est tm2 ssse3 cx16 xtpr pdcm dca sse4_1 sse4_2 x2apic popcnt aes xsave avx lahf_lm ida arat epb xsaveopt pln pts dts tpr_shadow vnmi flexpriority ept vpid
bogomips	: 5399.71
clflush size	: 64
cache_alignment	: 64
address sizes	: 46 bits physical, 48 bits virtual
power management:

processor	: 21
vendor_id	: GenuineIntel
cpu family	: 6
model		: 45
model name	: Intel(R) Xeon(R) CPU E5-2680 0 @ 2.70GHz
stepping	: 7
cpu MHz		: 2701.000
cache size	: 20480 KB
physical id	: 0
siblings	: 16
core id		: 5
cpu cores	: 8
apicid		: 11
initial apicid	: 11
fpu		: yes
fpu_exception	: yes
cpuid level	: 13
wp		: yes
flags		: fpu vme de pse tsc msr pae mce cx8 apic mtrr pge mca cmov pat pse36 clflush dts acpi mmx fxsr sse sse2 ss ht tm pbe syscall nx pdpe1gb rdtscp lm constant_tsc arch_perfmon pebs bts rep_good xtopology nonstop_tsc aperfmperf pni pclmulqdq dtes64 monitor ds_cpl vmx smx est tm2 ssse3 cx16 xtpr pdcm dca sse4_1 sse4_2 x2apic popcnt aes xsave avx lahf_lm ida arat epb xsaveopt pln pts dts tpr_shadow vnmi flexpriority ept vpid
bogomips	: 5399.71
clflush size	: 64
cache_alignment	: 64
address sizes	: 46 bits physical, 48 bits virtual
power management:

processor	: 22
vendor_id	: GenuineIntel
cpu family	: 6
model		: 45
model name	: Intel(R) Xeon(R) CPU E5-2680 0 @ 2.70GHz
stepping	: 7
cpu MHz		: 2701.000
cache size	: 20480 KB
physical id	: 0
siblings	: 16
core id		: 6
cpu cores	: 8
apicid		: 13
initial apicid	: 13
fpu		: yes
fpu_exception	: yes
cpuid level	: 13
wp		: yes
flags		: fpu vme de pse tsc msr pae mce cx8 apic mtrr pge mca cmov pat pse36 clflush dts acpi mmx fxsr sse sse2 ss ht tm pbe syscall nx pdpe1gb rdtscp lm constant_tsc arch_perfmon pebs bts rep_good xtopology nonstop_tsc aperfmperf pni pclmulqdq dtes64 monitor ds_cpl vmx smx est tm2 ssse3 cx16 xtpr pdcm dca sse4_1 sse4_2 x2apic popcnt aes xsave avx lahf_lm ida arat epb xsaveopt pln pts dts tpr_shadow vnmi flexpriority ept vpid
bogomips	: 5399.71
clflush size	: 64
cache_alignment	: 64
address sizes	: 46 bits physical, 48 bits virtual
power management:

processor	: 23
vendor_id	: GenuineIntel
cpu family	: 6
model		: 45
model name	: Intel(R) Xeon(R) CPU E5-2680 0 @ 2.70GHz
stepping	: 7
cpu MHz		: 2701.000
cache size	: 20480 KB
physical id	: 0
siblings	: 16
core id		: 7
cpu cores	: 8
apicid		: 15
initial apicid	: 15
fpu		: yes
fpu_exception	: yes
cpuid level	: 13
wp		: yes
flags		: fpu vme de pse tsc msr pae mce cx8 apic mtrr pge mca cmov pat pse36 clflush dts acpi mmx fxsr sse sse2 ss ht tm pbe syscall nx pdpe1gb rdtscp lm constant_tsc arch_perfmon pebs bts rep_good xtopology nonstop_tsc aperfmperf pni pclmulqdq dtes64 monitor ds_cpl vmx smx est tm2 ssse3 cx16 xtpr pdcm dca sse4_1 sse4_2 x2apic popcnt aes xsave avx lahf_lm ida arat epb xsaveopt pln pts dts tpr_shadow vnmi flexpriority ept vpid
bogomips	: 5399.71
clflush size	: 64
cache_alignment	: 64
address sizes	: 46 bits physical, 48 bits virtual
power management:

processor	: 24
vendor_id	: GenuineIntel
cpu family	: 6
model		: 45
model name	: Intel(R) Xeon(R) CPU E5-2680 0 @ 2.70GHz
stepping	: 7
cpu MHz		: 2701.000
cache size	: 20480 KB
physical id	: 1
siblings	: 16
core id		: 0
cpu cores	: 8
apicid		: 33
initial apicid	: 33
fpu		: yes
fpu_exception	: yes
cpuid level	: 13
wp		: yes
flags		: fpu vme de pse tsc msr pae mce cx8 apic mtrr pge mca cmov pat pse36 clflush dts acpi mmx fxsr sse sse2 ss ht tm pbe syscall nx pdpe1gb rdtscp lm constant_tsc arch_perfmon pebs bts rep_good xtopology nonstop_tsc aperfmperf pni pclmulqdq dtes64 monitor ds_cpl vmx smx est tm2 ssse3 cx16 xtpr pdcm dca sse4_1 sse4_2 x2apic popcnt aes xsave avx lahf_lm ida arat epb xsaveopt pln pts dts tpr_shadow vnmi flexpriority ept vpid
bogomips	: 5399.21
clflush size	: 64
cache_alignment	: 64
address sizes	: 46 bits physical, 48 bits virtual
power management:

processor	: 25
vendor_id	: GenuineIntel
cpu family	: 6
model		: 45
model name	: Intel(R) Xeon(R) CPU E5-2680 0 @ 2.70GHz
stepping	: 7
cpu MHz		: 2701.000
cache size	: 20480 KB
physical id	: 1
siblings	: 16
core id		: 1
cpu cores	: 8
apicid		: 35
initial apicid	: 35
fpu		: yes
fpu_exception	: yes
cpuid level	: 13
wp		: yes
flags		: fpu vme de pse tsc msr pae mce cx8 apic mtrr pge mca cmov pat pse36 clflush dts acpi mmx fxsr sse sse2 ss ht tm pbe syscall nx pdpe1gb rdtscp lm constant_tsc arch_perfmon pebs bts rep_good xtopology nonstop_tsc aperfmperf pni pclmulqdq dtes64 monitor ds_cpl vmx smx est tm2 ssse3 cx16 xtpr pdcm dca sse4_1 sse4_2 x2apic popcnt aes xsave avx lahf_lm ida arat epb xsaveopt pln pts dts tpr_shadow vnmi flexpriority ept vpid
bogomips	: 5399.21
clflush size	: 64
cache_alignment	: 64
address sizes	: 46 bits physical, 48 bits virtual
power management:

processor	: 26
vendor_id	: GenuineIntel
cpu family	: 6
model		: 45
model name	: Intel(R) Xeon(R) CPU E5-2680 0 @ 2.70GHz
stepping	: 7
cpu MHz		: 2701.000
cache size	: 20480 KB
physical id	: 1
siblings	: 16
core id		: 2
cpu cores	: 8
apicid		: 37
initial apicid	: 37
fpu		: yes
fpu_exception	: yes
cpuid level	: 13
wp		: yes
flags		: fpu vme de pse tsc msr pae mce cx8 apic mtrr pge mca cmov pat pse36 clflush dts acpi mmx fxsr sse sse2 ss ht tm pbe syscall nx pdpe1gb rdtscp lm constant_tsc arch_perfmon pebs bts rep_good xtopology nonstop_tsc aperfmperf pni pclmulqdq dtes64 monitor ds_cpl vmx smx est tm2 ssse3 cx16 xtpr pdcm dca sse4_1 sse4_2 x2apic popcnt aes xsave avx lahf_lm ida arat epb xsaveopt pln pts dts tpr_shadow vnmi flexpriority ept vpid
bogomips	: 5399.21
clflush size	: 64
cache_alignment	: 64
address sizes	: 46 bits physical, 48 bits virtual
power management:

processor	: 27
vendor_id	: GenuineIntel
cpu family	: 6
model		: 45
model name	: Intel(R) Xeon(R) CPU E5-2680 0 @ 2.70GHz
stepping	: 7
cpu MHz		: 2701.000
cache size	: 20480 KB
physical id	: 1
siblings	: 16
core id		: 3
cpu cores	: 8
apicid		: 39
initial apicid	: 39
fpu		: yes
fpu_exception	: yes
cpuid level	: 13
wp		: yes
flags		: fpu vme de pse tsc msr pae mce cx8 apic mtrr pge mca cmov pat pse36 clflush dts acpi mmx fxsr sse sse2 ss ht tm pbe syscall nx pdpe1gb rdtscp lm constant_tsc arch_perfmon pebs bts rep_good xtopology nonstop_tsc aperfmperf pni pclmulqdq dtes64 monitor ds_cpl vmx smx est tm2 ssse3 cx16 xtpr pdcm dca sse4_1 sse4_2 x2apic popcnt aes xsave avx lahf_lm ida arat epb xsaveopt pln pts dts tpr_shadow vnmi flexpriority ept vpid
bogomips	: 5399.21
clflush size	: 64
cache_alignment	: 64
address sizes	: 46 bits physical, 48 bits virtual
power management:

processor	: 28
vendor_id	: GenuineIntel
cpu family	: 6
model		: 45
model name	: Intel(R) Xeon(R) CPU E5-2680 0 @ 2.70GHz
stepping	: 7
cpu MHz		: 2701.000
cache size	: 20480 KB
physical id	: 1
siblings	: 16
core id		: 4
cpu cores	: 8
apicid		: 41
initial apicid	: 41
fpu		: yes
fpu_exception	: yes
cpuid level	: 13
wp		: yes
flags		: fpu vme de pse tsc msr pae mce cx8 apic mtrr pge mca cmov pat pse36 clflush dts acpi mmx fxsr sse sse2 ss ht tm pbe syscall nx pdpe1gb rdtscp lm constant_tsc arch_perfmon pebs bts rep_good xtopology nonstop_tsc aperfmperf pni pclmulqdq dtes64 monitor ds_cpl vmx smx est tm2 ssse3 cx16 xtpr pdcm dca sse4_1 sse4_2 x2apic popcnt aes xsave avx lahf_lm ida arat epb xsaveopt pln pts dts tpr_shadow vnmi flexpriority ept vpid
bogomips	: 5399.21
clflush size	: 64
cache_alignment	: 64
address sizes	: 46 bits physical, 48 bits virtual
power management:

processor	: 29
vendor_id	: GenuineIntel
cpu family	: 6
model		: 45
model name	: Intel(R) Xeon(R) CPU E5-2680 0 @ 2.70GHz
stepping	: 7
cpu MHz		: 2701.000
cache size	: 20480 KB
physical id	: 1
siblings	: 16
core id		: 5
cpu cores	: 8
apicid		: 43
initial apicid	: 43
fpu		: yes
fpu_exception	: yes
cpuid level	: 13
wp		: yes
flags		: fpu vme de pse tsc msr pae mce cx8 apic mtrr pge mca cmov pat pse36 clflush dts acpi mmx fxsr sse sse2 ss ht tm pbe syscall nx pdpe1gb rdtscp lm constant_tsc arch_perfmon pebs bts rep_good xtopology nonstop_tsc aperfmperf pni pclmulqdq dtes64 monitor ds_cpl vmx smx est tm2 ssse3 cx16 xtpr pdcm dca sse4_1 sse4_2 x2apic popcnt aes xsave avx lahf_lm ida arat epb xsaveopt pln pts dts tpr_shadow vnmi flexpriority ept vpid
bogomips	: 5399.21
clflush size	: 64
cache_alignment	: 64
address sizes	: 46 bits physical, 48 bits virtual
power management:

processor	: 30
vendor_id	: GenuineIntel
cpu family	: 6
model		: 45
model name	: Intel(R) Xeon(R) CPU E5-2680 0 @ 2.70GHz
stepping	: 7
cpu MHz		: 2701.000
cache size	: 20480 KB
physical id	: 1
siblings	: 16
core id		: 6
cpu cores	: 8
apicid		: 45
initial apicid	: 45
fpu		: yes
fpu_exception	: yes
cpuid level	: 13
wp		: yes
flags		: fpu vme de pse tsc msr pae mce cx8 apic mtrr pge mca cmov pat pse36 clflush dts acpi mmx fxsr sse sse2 ss ht tm pbe syscall nx pdpe1gb rdtscp lm constant_tsc arch_perfmon pebs bts rep_good xtopology nonstop_tsc aperfmperf pni pclmulqdq dtes64 monitor ds_cpl vmx smx est tm2 ssse3 cx16 xtpr pdcm dca sse4_1 sse4_2 x2apic popcnt aes xsave avx lahf_lm ida arat epb xsaveopt pln pts dts tpr_shadow vnmi flexpriority ept vpid
bogomips	: 5399.21
clflush size	: 64
cache_alignment	: 64
address sizes	: 46 bits physical, 48 bits virtual
power management:

processor	: 31
vendor_id	: GenuineIntel
cpu family	: 6
model		: 45
model name	: Intel(R) Xeon(R) CPU E5-2680 0 @ 2.70GHz
stepping	: 7
cpu MHz		: 2701.000
cache size	: 20480 KB
physical id	: 1
siblings	: 16
core id		: 7
cpu cores	: 8
apicid		: 47
initial apicid	: 47
fpu		: yes
fpu_exception	: yes
cpuid level	: 13
wp		: yes
flags		: fpu vme de pse tsc msr pae mce cx8 apic mtrr pge mca cmov pat pse36 clflush dts acpi mmx fxsr sse sse2 ss ht tm pbe syscall nx pdpe1gb rdtscp lm constant_tsc arch_perfmon pebs bts rep_good xtopology nonstop_tsc aperfmperf pni pclmulqdq dtes64 monitor ds_cpl vmx smx est tm2 ssse3 cx16 xtpr pdcm dca sse4_1 sse4_2 x2apic popcnt aes xsave avx lahf_lm ida arat epb xsaveopt pln pts dts tpr_shadow vnmi flexpriority ept vpid
bogomips	: 5399.21
clflush size	: 64
cache_alignment	: 64
address sizes	: 46 bits physical, 48 bits virtual
power management:



Memory: 4k page, physical 264505256k(53307356k free), swap 4194296k(4194296k free)

vm_info: Java HotSpot(TM) 64-Bit Server VM (24.45-b08) for linux-amd64 JRE (1.7.0_45-b18), built on Oct  8 2013 05:44:25 by "java_re" with gcc 4.3.0 20080428 (Red Hat 4.3.0-8)

time: Sun May 25 14:31:38 2014
elapsed time: 20124 seconds

